#
# There is insufficient memory for the Java Runtime Environment to continue.
# Native memory allocation (malloc) failed to allocate 860576 bytes for Chunk::new
# Possible reasons:
#   The system is out of physical RAM or swap space
#   The process is running with CompressedOops enabled, and the Java Heap may be blocking the growth of the native heap
# Possible solutions:
#   Reduce memory load on the system
#   Increase physical memory or swap space
#   Check if swap backing store is full
#   Decrease Java heap size (-Xmx/-Xms)
#   Decrease number of Java threads
#   Decrease Java thread stack sizes (-Xss)
#   Set larger code cache with -XX:ReservedCodeCacheSize=
#   JVM is running with Unscaled Compressed Oops mode in which the Java heap is
#     placed in the first 4GB address space. The Java Heap base address is the
#     maximum limit for the native heap growth. Please use -XX:HeapBaseMinAddress
#     to set the Java Heap base and to place the Java Heap above 4GB virtual address.
# This output file may be truncated or incomplete.
#
#  Out of Memory Error (arena.cpp:191), pid=13884, tid=9308
#
# JRE version: OpenJDK Runtime Environment Temurin-17.0.9+9 (17.0.9+9) (build 17.0.9+9)
# Java VM: OpenJDK 64-Bit Server VM Temurin-17.0.9+9 (17.0.9+9, mixed mode, tiered, compressed oops, compressed class ptrs, parallel gc, windows-amd64)
# No core dump will be written. Minidumps are not enabled by default on client versions of Windows
#

---------------  S U M M A R Y ------------

Command Line: --add-modules=ALL-SYSTEM --add-opens=java.base/java.util=ALL-UNNAMED --add-opens=java.base/java.lang=ALL-UNNAMED --add-opens=java.base/sun.nio.fs=ALL-UNNAMED -Declipse.application=org.eclipse.jdt.ls.core.id1 -Dosgi.bundles.defaultStartLevel=4 -Declipse.product=org.eclipse.jdt.ls.core.product -Djava.import.generatesMetadataFilesAtProjectRoot=false -DDetectVMInstallationsJob.disabled=true -Dfile.encoding=utf8 -XX:+UseParallelGC -XX:GCTimeRatio=4 -XX:AdaptiveSizePolicyWeight=90 -Dsun.zip.disableMemoryMapping=true -Xmx1G -Xms100m -Xlog:disable -javaagent:c:\Users\111\.vscode\extensions\redhat.java-1.25.0-win32-x64\lombok\lombok-1.18.30.jar -XX:+HeapDumpOnOutOfMemoryError -XX:HeapDumpPath=c:\Users\111\AppData\Roaming\Code\User\workspaceStorage\fc9030aad287be6f3d626b9860efa7fd\redhat.java -Daether.dependencyCollector.impl=bf c:\Users\111\.vscode\extensions\redhat.java-1.25.0-win32-x64\server\plugins\org.eclipse.equinox.launcher_1.6.600.v20231012-1237.jar -configuration c:\Users\111\AppData\Roaming\Code\User\globalStorage\redhat.java\1.25.0\config_win -data c:\Users\111\AppData\Roaming\Code\User\workspaceStorage\fc9030aad287be6f3d626b9860efa7fd\redhat.java\jdt_ws --stdio

Host: Intel(R) Core(TM) i7-9750H CPU @ 2.60GHz, 12 cores, 15G,  Windows 10 , 64 bit Build 19041 (10.0.19041.3636)
Time: Thu Dec  7 17:44:31 2023 Tokyo Standard Time elapsed time: 3.637973 seconds (0d 0h 0m 3s)

---------------  T H R E A D  ---------------

Current thread (0x0000021c21480730):  JavaThread "C2 CompilerThread1" daemon [_thread_in_native, id=9308, stack(0x000000b3f8900000,0x000000b3f8a00000)]


Current CompileTask:
C2:   3638 3995       4       org.eclipse.osgi.internal.loader.BundleLoader::addExportedProvidersFor (167 bytes)

Stack: [0x000000b3f8900000,0x000000b3f8a00000]
Native frames: (J=compiled Java code, j=interpreted, Vv=VM code, C=native code)
V  [jvm.dll+0x67cf49]
V  [jvm.dll+0x83478a]
V  [jvm.dll+0x83624e]
V  [jvm.dll+0x8368b3]
V  [jvm.dll+0x247f1f]
V  [jvm.dll+0xac43c]
V  [jvm.dll+0xaca8c]
V  [jvm.dll+0x2af45f]
V  [jvm.dll+0x5853f7]
V  [jvm.dll+0x222f62]
V  [jvm.dll+0x22334f]
V  [jvm.dll+0x21c476]
V  [jvm.dll+0x2198c1]
V  [jvm.dll+0x1a57cd]
V  [jvm.dll+0x2297ae]
V  [jvm.dll+0x22797c]
V  [jvm.dll+0x7e9877]
V  [jvm.dll+0x7e3c3a]
V  [jvm.dll+0x67be35]
C  [ucrtbase.dll+0x21bb2]
C  [KERNEL32.DLL+0x17344]
C  [ntdll.dll+0x526b1]


---------------  P R O C E S S  ---------------

Threads class SMR info:
_java_thread_list=0x0000021c248ceb40, length=30, elements={
0x0000021c080cb320, 0x0000021c21295730, 0x0000021c21297fe0, 0x0000021c1bf66da0,
0x0000021c1bf67c20, 0x0000021c1bf69240, 0x0000021c1bf6b5b0, 0x0000021c1bf6e840,
0x0000021c212bec20, 0x0000021c212bf230, 0x0000021c213b5010, 0x0000021c21480730,
0x0000021c21611620, 0x0000021c22981830, 0x0000021c22e6ab90, 0x0000021c237d42c0,
0x0000021c237dfb20, 0x0000021c22ec1020, 0x0000021c23a457c0, 0x0000021c237df040,
0x0000021c23b52280, 0x0000021c23b51350, 0x0000021c23b52790, 0x0000021c23b51860,
0x0000021c23b50420, 0x0000021c23b4ff10, 0x0000021c23b50930, 0x0000021c23b4efe0,
0x0000021c23b4f4f0, 0x0000021c23b4fa00
}

Java Threads: ( => current thread )
  0x0000021c080cb320 JavaThread "main" [_thread_blocked, id=11684, stack(0x000000b3f7c00000,0x000000b3f7d00000)]
  0x0000021c21295730 JavaThread "Reference Handler" daemon [_thread_blocked, id=1744, stack(0x000000b3f7f00000,0x000000b3f8000000)]
  0x0000021c21297fe0 JavaThread "Finalizer" daemon [_thread_blocked, id=10732, stack(0x000000b3f8000000,0x000000b3f8100000)]
  0x0000021c1bf66da0 JavaThread "Signal Dispatcher" daemon [_thread_blocked, id=2124, stack(0x000000b3f8100000,0x000000b3f8200000)]
  0x0000021c1bf67c20 JavaThread "Attach Listener" daemon [_thread_blocked, id=17020, stack(0x000000b3f8200000,0x000000b3f8300000)]
  0x0000021c1bf69240 JavaThread "Service Thread" daemon [_thread_blocked, id=9160, stack(0x000000b3f8300000,0x000000b3f8400000)]
  0x0000021c1bf6b5b0 JavaThread "Monitor Deflation Thread" daemon [_thread_blocked, id=8764, stack(0x000000b3f8400000,0x000000b3f8500000)]
  0x0000021c1bf6e840 JavaThread "C2 CompilerThread0" daemon [_thread_in_native, id=5776, stack(0x000000b3f8500000,0x000000b3f8600000)]
  0x0000021c212bec20 JavaThread "C1 CompilerThread0" daemon [_thread_blocked, id=16068, stack(0x000000b3f8600000,0x000000b3f8700000)]
  0x0000021c212bf230 JavaThread "Sweeper thread" daemon [_thread_blocked, id=9544, stack(0x000000b3f8700000,0x000000b3f8800000)]
  0x0000021c213b5010 JavaThread "Common-Cleaner" daemon [_thread_blocked, id=17056, stack(0x000000b3f8800000,0x000000b3f8900000)]
=>0x0000021c21480730 JavaThread "C2 CompilerThread1" daemon [_thread_in_native, id=9308, stack(0x000000b3f8900000,0x000000b3f8a00000)]
  0x0000021c21611620 JavaThread "Notification Thread" daemon [_thread_blocked, id=17804, stack(0x000000b3f8a00000,0x000000b3f8b00000)]
  0x0000021c22981830 JavaThread "C2 CompilerThread2" daemon [_thread_in_native, id=15656, stack(0x000000b3f8c00000,0x000000b3f8d00000)]
  0x0000021c22e6ab90 JavaThread "Active Thread: Equinox Container: 87f1e1dc-4542-43f6-bba8-3c9782f02904" [_thread_blocked, id=12932, stack(0x000000b3f9300000,0x000000b3f9400000)]
  0x0000021c237d42c0 JavaThread "Framework Event Dispatcher: Equinox Container: 87f1e1dc-4542-43f6-bba8-3c9782f02904" daemon [_thread_blocked, id=9000, stack(0x000000b3f9400000,0x000000b3f9500000)]
  0x0000021c237dfb20 JavaThread "Start Level: Equinox Container: 87f1e1dc-4542-43f6-bba8-3c9782f02904" daemon [_thread_blocked, id=15540, stack(0x000000b3f9500000,0x000000b3f9600000)]
  0x0000021c22ec1020 JavaThread "Bundle File Closer" daemon [_thread_blocked, id=3068, stack(0x000000b3f9700000,0x000000b3f9800000)]
  0x0000021c23a457c0 JavaThread "SCR Component Actor" daemon [_thread_blocked, id=11428, stack(0x000000b3f9800000,0x000000b3f9900000)]
  0x0000021c237df040 JavaThread "SCR Component Registry" daemon [_thread_blocked, id=15764, stack(0x000000b3f9b00000,0x000000b3f9c00000)]
  0x0000021c23b52280 JavaThread "Worker-JM" [_thread_blocked, id=10784, stack(0x000000b3f9c00000,0x000000b3f9d00000)]
  0x0000021c23b51350 JavaThread "Worker-0: Loading available Gradle versions" [_thread_in_vm, id=5212, stack(0x000000b3f9d00000,0x000000b3f9e00000)]
  0x0000021c23b52790 JavaThread "Worker-1: Repository registry initialization" [_thread_blocked, id=11964, stack(0x000000b3f9e00000,0x000000b3f9f00000)]
  0x0000021c23b51860 JavaThread "Java indexing" daemon [_thread_blocked, id=7920, stack(0x000000b3f9f00000,0x000000b3fa000000)]
  0x0000021c23b50420 JavaThread "JNA Cleaner" daemon [_thread_blocked, id=1632, stack(0x000000b3fa000000,0x000000b3fa100000)]
  0x0000021c23b4ff10 JavaThread "pool-2-thread-1" [_thread_blocked, id=14744, stack(0x000000b3fa300000,0x000000b3fa400000)]
  0x0000021c23b50930 JavaThread "WorkspaceEventsHandler" [_thread_blocked, id=1088, stack(0x000000b3fa400000,0x000000b3fa500000)]
  0x0000021c23b4efe0 JavaThread "pool-1-thread-1" [_thread_in_vm, id=11268, stack(0x000000b3fa500000,0x000000b3fa600000)]
  0x0000021c23b4f4f0 JavaThread "Worker-2" [_thread_blocked, id=11752, stack(0x000000b3fa600000,0x000000b3fa700000)]
  0x0000021c23b4fa00 JavaThread "Worker-3" [_thread_blocked, id=14616, stack(0x000000b3fa700000,0x000000b3fa800000)]

Other Threads:
  0x0000021c212833e0 VMThread "VM Thread" [stack: 0x000000b3f7e00000,0x000000b3f7f00000] [id=10376]
  0x0000021c215617f0 WatcherThread [stack: 0x000000b3f8b00000,0x000000b3f8c00000] [id=9996]
  0x0000021c080dec10 GCTaskThread "GC Thread#0" [stack: 0x000000b3f7d00000,0x000000b3f7e00000] [id=11940]
  0x0000021c22d4e9d0 GCTaskThread "GC Thread#1" [stack: 0x000000b3f8d00000,0x000000b3f8e00000] [id=14928]
  0x0000021c22d4ec90 GCTaskThread "GC Thread#2" [stack: 0x000000b3f8e00000,0x000000b3f8f00000] [id=3056]
  0x0000021c22d4ef50 GCTaskThread "GC Thread#3" [stack: 0x000000b3f8f00000,0x000000b3f9000000] [id=10248]
  0x0000021c22d4f210 GCTaskThread "GC Thread#4" [stack: 0x000000b3f9000000,0x000000b3f9100000] [id=14272]
  0x0000021c22d4f4d0 GCTaskThread "GC Thread#5" [stack: 0x000000b3f9100000,0x000000b3f9200000] [id=2180]
  0x0000021c22d4f790 GCTaskThread "GC Thread#6" [stack: 0x000000b3f9200000,0x000000b3f9300000] [id=5928]
  0x0000021c23002010 GCTaskThread "GC Thread#7" [stack: 0x000000b3f9600000,0x000000b3f9700000] [id=15224]
  0x0000021c23340c20 GCTaskThread "GC Thread#8" [stack: 0x000000b3f9900000,0x000000b3f9a00000] [id=17968]
  0x0000021c239ca3f0 GCTaskThread "GC Thread#9" [stack: 0x000000b3f9a00000,0x000000b3f9b00000] [id=13708]

Threads with active compile tasks:
C2 CompilerThread0     3663 3981       4       jdk.internal.org.objectweb.asm.SymbolTable::addConstantMemberReference (147 bytes)
C2 CompilerThread1     3663 3995       4       org.eclipse.osgi.internal.loader.BundleLoader::addExportedProvidersFor (167 bytes)
C2 CompilerThread2     3664 4019   !   4       org.eclipse.osgi.internal.loader.classpath.ClasspathManager::findLocalClass (210 bytes)

VM state: not at safepoint (normal execution)

VM Mutex/Monitor currently owned by a thread: None

Heap address: 0x00000000c0000000, size: 1024 MB, Compressed Oops mode: 32-bit

CDS archive(s) not mapped
Compressed class space mapped at: 0x0000000100000000-0x0000000140000000, reserved size: 1073741824
Narrow klass base: 0x0000000000000000, Narrow klass shift: 3, Narrow klass range: 0x140000000

GC Precious Log:
 CPUs: 12 total, 12 available
 Memory: 16225M
 Large Page Support: Disabled
 NUMA Support: Disabled
 Compressed Oops: Enabled (32-bit)
 Alignments: Space 512K, Generation 512K, Heap 2M
 Heap Min Capacity: 100M
 Heap Initial Capacity: 100M
 Heap Max Capacity: 1G
 Pre-touch: Disabled
 Parallel Workers: 10

Heap:
 PSYoungGen      total 24576K, used 1970K [0x00000000eab00000, 0x00000000ec500000, 0x0000000100000000)
  eden space 22528K, 1% used [0x00000000eab00000,0x00000000eab53720,0x00000000ec100000)
  from space 2048K, 79% used [0x00000000ec200000,0x00000000ec399140,0x00000000ec400000)
  to   space 1024K, 0% used [0x00000000ec400000,0x00000000ec400000,0x00000000ec500000)
 ParOldGen       total 68608K, used 14998K [0x00000000c0000000, 0x00000000c4300000, 0x00000000eab00000)
  object space 68608K, 21% used [0x00000000c0000000,0x00000000c0ea5958,0x00000000c4300000)
 Metaspace       used 41458K, committed 42496K, reserved 1114112K
  class space    used 4294K, committed 4800K, reserved 1048576K

Card table byte_map: [0x0000021c07a90000,0x0000021c07ca0000] _byte_map_base: 0x0000021c07490000

Marking Bits: (ParMarkBitMap*) 0x00007fff2a9dd0b0
 Begin Bits: [0x0000021c19d70000, 0x0000021c1ad70000)
 End Bits:   [0x0000021c1ad70000, 0x0000021c1bd70000)

Polling page: 0x0000021c05e30000

Metaspace:

Usage:
  Non-class:     36.29 MB used.
      Class:      4.19 MB used.
       Both:     40.49 MB used.

Virtual space:
  Non-class space:       64.00 MB reserved,      36.81 MB ( 58%) committed,  1 nodes.
      Class space:        1.00 GB reserved,       4.69 MB ( <1%) committed,  1 nodes.
             Both:        1.06 GB reserved,      41.50 MB (  4%) committed. 

Chunk freelists:
   Non-Class:  11.06 MB
       Class:  11.30 MB
        Both:  22.36 MB

MaxMetaspaceSize: unlimited
CompressedClassSpaceSize: 1.00 GB
Initial GC threshold: 21.00 MB
Current GC threshold: 58.38 MB
CDS: off
MetaspaceReclaimPolicy: balanced
 - commit_granule_bytes: 65536.
 - commit_granule_words: 8192.
 - virtual_space_node_default_size: 8388608.
 - enlarge_chunks_in_place: 1.
 - new_chunks_are_fully_committed: 0.
 - uncommit_free_chunks: 1.
 - use_allocation_guard: 0.
 - handle_deallocations: 1.


Internal statistics:

num_allocs_failed_limit: 6.
num_arena_births: 622.
num_arena_deaths: 14.
num_vsnodes_births: 2.
num_vsnodes_deaths: 0.
num_space_committed: 663.
num_space_uncommitted: 0.
num_chunks_returned_to_freelist: 20.
num_chunks_taken_from_freelist: 2057.
num_chunk_merges: 10.
num_chunk_splits: 1304.
num_chunks_enlarged: 777.
num_inconsistent_stats: 0.

CodeHeap 'non-profiled nmethods': size=120000Kb used=2018Kb max_used=2018Kb free=117981Kb
 bounds [0x0000021c12840000, 0x0000021c12ab0000, 0x0000021c19d70000]
CodeHeap 'profiled nmethods': size=120000Kb used=8675Kb max_used=8675Kb free=111324Kb
 bounds [0x0000021c0ad70000, 0x0000021c0b5f0000, 0x0000021c122a0000]
CodeHeap 'non-nmethods': size=5760Kb used=1280Kb max_used=1360Kb free=4479Kb
 bounds [0x0000021c122a0000, 0x0000021c12510000, 0x0000021c12840000]
 total_blobs=4712 nmethods=4104 adapters=521
 compilation: enabled
              stopped_count=0, restarted_count=0
 full_count=0

Compilation events (20 events):
Event: 3.615 Thread 0x0000021c212bec20 4098       3       com.google.gson.internal.LinkedTreeMap::put (56 bytes)
Event: 3.616 Thread 0x0000021c212bec20 nmethod 4098 0x0000021c0b5d6110 code [0x0000021c0b5d62e0, 0x0000021c0b5d6688]
Event: 3.616 Thread 0x0000021c212bec20 4096       1       com.google.gson.internal.LinkedTreeMap$Node::getKey (5 bytes)
Event: 3.616 Thread 0x0000021c212bec20 nmethod 4096 0x0000021c12a37e90 code [0x0000021c12a38020, 0x0000021c12a380f8]
Event: 3.616 Thread 0x0000021c212bec20 4097       1       com.google.gson.internal.LinkedTreeMap$Node::getValue (5 bytes)
Event: 3.616 Thread 0x0000021c212bec20 nmethod 4097 0x0000021c12a38190 code [0x0000021c12a38320, 0x0000021c12a383f8]
Event: 3.616 Thread 0x0000021c212bec20 4101       3       com.google.gson.JsonPrimitive::isString (8 bytes)
Event: 3.616 Thread 0x0000021c212bec20 nmethod 4101 0x0000021c0b5d6810 code [0x0000021c0b5d69a0, 0x0000021c0b5d6b98]
Event: 3.617 Thread 0x0000021c212bec20 4104       1       java.util.logging.Logger::getName (5 bytes)
Event: 3.617 Thread 0x0000021c212bec20 nmethod 4104 0x0000021c12a38490 code [0x0000021c12a38620, 0x0000021c12a386f8]
Event: 3.617 Thread 0x0000021c212bec20 4103       3       com.google.gson.internal.LinkedTreeMap$Node::<init> (49 bytes)
Event: 3.617 Thread 0x0000021c212bec20 nmethod 4103 0x0000021c0b5d6c10 code [0x0000021c0b5d6da0, 0x0000021c0b5d6f98]
Event: 3.617 Thread 0x0000021c212bec20 4105       1       sun.security.util.KnownOIDs::aliases (5 bytes)
Event: 3.617 Thread 0x0000021c212bec20 nmethod 4105 0x0000021c12a38790 code [0x0000021c12a38920, 0x0000021c12a389f8]
Event: 3.619 Thread 0x0000021c212bec20 4106       3       java.lang.invoke.InnerClassLambdaMetafactory::<init> (258 bytes)
Event: 3.622 Thread 0x0000021c212bec20 nmethod 4106 0x0000021c0b5d7090 code [0x0000021c0b5d7460, 0x0000021c0b5d8fb8]
Event: 3.622 Thread 0x0000021c212bec20 4107   !   3       java.lang.invoke.AbstractValidatingLambdaMetafactory::<init> (559 bytes)
Event: 3.632 Thread 0x0000021c212bec20 nmethod 4107 0x0000021c0b5d9b10 code [0x0000021c0b5da420, 0x0000021c0b5df9c8]
Event: 3.633 Thread 0x0000021c212bec20 4108       3       java.lang.invoke.InfoFromMemberName::<init> (72 bytes)
Event: 3.633 Thread 0x0000021c212bec20 nmethod 4108 0x0000021c0b5e1890 code [0x0000021c0b5e1a20, 0x0000021c0b5e1bd8]

GC Heap History (20 events):
Event: 1.537 GC heap before
{Heap before GC invocations=3 (full 0):
 PSYoungGen      total 29696K, used 29681K [0x00000000eab00000, 0x00000000ecc00000, 0x0000000100000000)
  eden space 25600K, 100% used [0x00000000eab00000,0x00000000ec400000,0x00000000ec400000)
  from space 4096K, 99% used [0x00000000ec800000,0x00000000ecbfc7e0,0x00000000ecc00000)
  to   space 4096K, 0% used [0x00000000ec400000,0x00000000ec400000,0x00000000ec800000)
 ParOldGen       total 68608K, used 1485K [0x00000000c0000000, 0x00000000c4300000, 0x00000000eab00000)
  object space 68608K, 2% used [0x00000000c0000000,0x00000000c01737c0,0x00000000c4300000)
 Metaspace       used 16795K, committed 17152K, reserved 1114112K
  class space    used 1700K, committed 1856K, reserved 1048576K
}
Event: 1.544 GC heap after
{Heap after GC invocations=3 (full 0):
 PSYoungGen      total 29696K, used 4084K [0x00000000eab00000, 0x00000000ecc00000, 0x0000000100000000)
  eden space 25600K, 0% used [0x00000000eab00000,0x00000000eab00000,0x00000000ec400000)
  from space 4096K, 99% used [0x00000000ec400000,0x00000000ec7fd1e8,0x00000000ec800000)
  to   space 4096K, 0% used [0x00000000ec800000,0x00000000ec800000,0x00000000ecc00000)
 ParOldGen       total 68608K, used 5272K [0x00000000c0000000, 0x00000000c4300000, 0x00000000eab00000)
  object space 68608K, 7% used [0x00000000c0000000,0x00000000c05263d8,0x00000000c4300000)
 Metaspace       used 16795K, committed 17152K, reserved 1114112K
  class space    used 1700K, committed 1856K, reserved 1048576K
}
Event: 1.892 GC heap before
{Heap before GC invocations=4 (full 0):
 PSYoungGen      total 29696K, used 29145K [0x00000000eab00000, 0x00000000ecc00000, 0x0000000100000000)
  eden space 25600K, 97% used [0x00000000eab00000,0x00000000ec379220,0x00000000ec400000)
  from space 4096K, 99% used [0x00000000ec400000,0x00000000ec7fd1e8,0x00000000ec800000)
  to   space 4096K, 0% used [0x00000000ec800000,0x00000000ec800000,0x00000000ecc00000)
 ParOldGen       total 68608K, used 5272K [0x00000000c0000000, 0x00000000c4300000, 0x00000000eab00000)
  object space 68608K, 7% used [0x00000000c0000000,0x00000000c05263d8,0x00000000c4300000)
 Metaspace       used 21040K, committed 21504K, reserved 1114112K
  class space    used 2127K, committed 2368K, reserved 1048576K
}
Event: 1.895 GC heap after
{Heap after GC invocations=4 (full 0):
 PSYoungGen      total 29696K, used 4084K [0x00000000eab00000, 0x00000000ecc00000, 0x0000000100000000)
  eden space 25600K, 0% used [0x00000000eab00000,0x00000000eab00000,0x00000000ec400000)
  from space 4096K, 99% used [0x00000000ec800000,0x00000000ecbfd098,0x00000000ecc00000)
  to   space 4096K, 0% used [0x00000000ec400000,0x00000000ec400000,0x00000000ec800000)
 ParOldGen       total 68608K, used 6703K [0x00000000c0000000, 0x00000000c4300000, 0x00000000eab00000)
  object space 68608K, 9% used [0x00000000c0000000,0x00000000c068bfa0,0x00000000c4300000)
 Metaspace       used 21040K, committed 21504K, reserved 1114112K
  class space    used 2127K, committed 2368K, reserved 1048576K
}
Event: 1.895 GC heap before
{Heap before GC invocations=5 (full 1):
 PSYoungGen      total 29696K, used 4084K [0x00000000eab00000, 0x00000000ecc00000, 0x0000000100000000)
  eden space 25600K, 0% used [0x00000000eab00000,0x00000000eab00000,0x00000000ec400000)
  from space 4096K, 99% used [0x00000000ec800000,0x00000000ecbfd098,0x00000000ecc00000)
  to   space 4096K, 0% used [0x00000000ec400000,0x00000000ec400000,0x00000000ec800000)
 ParOldGen       total 68608K, used 6703K [0x00000000c0000000, 0x00000000c4300000, 0x00000000eab00000)
  object space 68608K, 9% used [0x00000000c0000000,0x00000000c068bfa0,0x00000000c4300000)
 Metaspace       used 21040K, committed 21504K, reserved 1114112K
  class space    used 2127K, committed 2368K, reserved 1048576K
}
Event: 1.917 GC heap after
{Heap after GC invocations=5 (full 1):
 PSYoungGen      total 29696K, used 0K [0x00000000eab00000, 0x00000000ecc00000, 0x0000000100000000)
  eden space 25600K, 0% used [0x00000000eab00000,0x00000000eab00000,0x00000000ec400000)
  from space 4096K, 0% used [0x00000000ec800000,0x00000000ec800000,0x00000000ecc00000)
  to   space 4096K, 0% used [0x00000000ec400000,0x00000000ec400000,0x00000000ec800000)
 ParOldGen       total 68608K, used 10532K [0x00000000c0000000, 0x00000000c4300000, 0x00000000eab00000)
  object space 68608K, 15% used [0x00000000c0000000,0x00000000c0a49390,0x00000000c4300000)
 Metaspace       used 21027K, committed 21504K, reserved 1114112K
  class space    used 2124K, committed 2368K, reserved 1048576K
}
Event: 2.233 GC heap before
{Heap before GC invocations=6 (full 1):
 PSYoungGen      total 29696K, used 25600K [0x00000000eab00000, 0x00000000ecc00000, 0x0000000100000000)
  eden space 25600K, 100% used [0x00000000eab00000,0x00000000ec400000,0x00000000ec400000)
  from space 4096K, 0% used [0x00000000ec800000,0x00000000ec800000,0x00000000ecc00000)
  to   space 4096K, 0% used [0x00000000ec400000,0x00000000ec400000,0x00000000ec800000)
 ParOldGen       total 68608K, used 10532K [0x00000000c0000000, 0x00000000c4300000, 0x00000000eab00000)
  object space 68608K, 15% used [0x00000000c0000000,0x00000000c0a49390,0x00000000c4300000)
 Metaspace       used 24261K, committed 24832K, reserved 1114112K
  class space    used 2469K, committed 2688K, reserved 1048576K
}
Event: 2.234 GC heap after
{Heap after GC invocations=6 (full 1):
 PSYoungGen      total 27136K, used 1841K [0x00000000eab00000, 0x00000000eca80000, 0x0000000100000000)
  eden space 25088K, 0% used [0x00000000eab00000,0x00000000eab00000,0x00000000ec380000)
  from space 2048K, 89% used [0x00000000ec400000,0x00000000ec5cc4e0,0x00000000ec600000)
  to   space 3584K, 0% used [0x00000000ec700000,0x00000000ec700000,0x00000000eca80000)
 ParOldGen       total 68608K, used 10540K [0x00000000c0000000, 0x00000000c4300000, 0x00000000eab00000)
  object space 68608K, 15% used [0x00000000c0000000,0x00000000c0a4b390,0x00000000c4300000)
 Metaspace       used 24261K, committed 24832K, reserved 1114112K
  class space    used 2469K, committed 2688K, reserved 1048576K
}
Event: 2.470 GC heap before
{Heap before GC invocations=7 (full 1):
 PSYoungGen      total 27136K, used 26894K [0x00000000eab00000, 0x00000000eca80000, 0x0000000100000000)
  eden space 25088K, 99% used [0x00000000eab00000,0x00000000ec377470,0x00000000ec380000)
  from space 2048K, 89% used [0x00000000ec400000,0x00000000ec5cc4e0,0x00000000ec600000)
  to   space 3584K, 0% used [0x00000000ec700000,0x00000000ec700000,0x00000000eca80000)
 ParOldGen       total 68608K, used 10540K [0x00000000c0000000, 0x00000000c4300000, 0x00000000eab00000)
  object space 68608K, 15% used [0x00000000c0000000,0x00000000c0a4b390,0x00000000c4300000)
 Metaspace       used 27729K, committed 28544K, reserved 1114112K
  class space    used 2858K, committed 3200K, reserved 1048576K
}
Event: 2.472 GC heap after
{Heap after GC invocations=7 (full 1):
 PSYoungGen      total 28160K, used 3340K [0x00000000eab00000, 0x00000000ecb00000, 0x0000000100000000)
  eden space 24576K, 0% used [0x00000000eab00000,0x00000000eab00000,0x00000000ec300000)
  from space 3584K, 93% used [0x00000000ec700000,0x00000000eca43238,0x00000000eca80000)
  to   space 4096K, 0% used [0x00000000ec300000,0x00000000ec300000,0x00000000ec700000)
 ParOldGen       total 68608K, used 10548K [0x00000000c0000000, 0x00000000c4300000, 0x00000000eab00000)
  object space 68608K, 15% used [0x00000000c0000000,0x00000000c0a4d390,0x00000000c4300000)
 Metaspace       used 27729K, committed 28544K, reserved 1114112K
  class space    used 2858K, committed 3200K, reserved 1048576K
}
Event: 2.585 GC heap before
{Heap before GC invocations=8 (full 1):
 PSYoungGen      total 28160K, used 27916K [0x00000000eab00000, 0x00000000ecb00000, 0x0000000100000000)
  eden space 24576K, 100% used [0x00000000eab00000,0x00000000ec300000,0x00000000ec300000)
  from space 3584K, 93% used [0x00000000ec700000,0x00000000eca43238,0x00000000eca80000)
  to   space 4096K, 0% used [0x00000000ec300000,0x00000000ec300000,0x00000000ec700000)
 ParOldGen       total 68608K, used 10548K [0x00000000c0000000, 0x00000000c4300000, 0x00000000eab00000)
  object space 68608K, 15% used [0x00000000c0000000,0x00000000c0a4d390,0x00000000c4300000)
 Metaspace       used 30549K, committed 31296K, reserved 1114112K
  class space    used 3042K, committed 3392K, reserved 1048576K
}
Event: 2.587 GC heap after
{Heap after GC invocations=8 (full 1):
 PSYoungGen      total 27648K, used 3416K [0x00000000eab00000, 0x00000000ec980000, 0x0000000100000000)
  eden space 24064K, 0% used [0x00000000eab00000,0x00000000eab00000,0x00000000ec280000)
  from space 3584K, 95% used [0x00000000ec300000,0x00000000ec656180,0x00000000ec680000)
  to   space 3072K, 0% used [0x00000000ec680000,0x00000000ec680000,0x00000000ec980000)
 ParOldGen       total 68608K, used 10556K [0x00000000c0000000, 0x00000000c4300000, 0x00000000eab00000)
  object space 68608K, 15% used [0x00000000c0000000,0x00000000c0a4f390,0x00000000c4300000)
 Metaspace       used 30549K, committed 31296K, reserved 1114112K
  class space    used 3042K, committed 3392K, reserved 1048576K
}
Event: 2.726 GC heap before
{Heap before GC invocations=9 (full 1):
 PSYoungGen      total 27648K, used 27480K [0x00000000eab00000, 0x00000000ec980000, 0x0000000100000000)
  eden space 24064K, 100% used [0x00000000eab00000,0x00000000ec280000,0x00000000ec280000)
  from space 3584K, 95% used [0x00000000ec300000,0x00000000ec656180,0x00000000ec680000)
  to   space 3072K, 0% used [0x00000000ec680000,0x00000000ec680000,0x00000000ec980000)
 ParOldGen       total 68608K, used 10556K [0x00000000c0000000, 0x00000000c4300000, 0x00000000eab00000)
  object space 68608K, 15% used [0x00000000c0000000,0x00000000c0a4f390,0x00000000c4300000)
 Metaspace       used 32929K, committed 33664K, reserved 1114112K
  class space    used 3236K, committed 3584K, reserved 1048576K
}
Event: 2.728 GC heap after
{Heap after GC invocations=9 (full 1):
 PSYoungGen      total 26624K, used 3043K [0x00000000eab00000, 0x00000000eca00000, 0x0000000100000000)
  eden space 23552K, 0% used [0x00000000eab00000,0x00000000eab00000,0x00000000ec200000)
  from space 3072K, 99% used [0x00000000ec680000,0x00000000ec978e48,0x00000000ec980000)
  to   space 4096K, 0% used [0x00000000ec200000,0x00000000ec200000,0x00000000ec600000)
 ParOldGen       total 68608K, used 11252K [0x00000000c0000000, 0x00000000c4300000, 0x00000000eab00000)
  object space 68608K, 16% used [0x00000000c0000000,0x00000000c0afd3c0,0x00000000c4300000)
 Metaspace       used 32929K, committed 33664K, reserved 1114112K
  class space    used 3236K, committed 3584K, reserved 1048576K
}
Event: 2.972 GC heap before
{Heap before GC invocations=10 (full 1):
 PSYoungGen      total 26624K, used 15194K [0x00000000eab00000, 0x00000000eca00000, 0x0000000100000000)
  eden space 23552K, 51% used [0x00000000eab00000,0x00000000eb6ddc88,0x00000000ec200000)
  from space 3072K, 99% used [0x00000000ec680000,0x00000000ec978e48,0x00000000ec980000)
  to   space 4096K, 0% used [0x00000000ec200000,0x00000000ec200000,0x00000000ec600000)
 ParOldGen       total 68608K, used 11252K [0x00000000c0000000, 0x00000000c4300000, 0x00000000eab00000)
  object space 68608K, 16% used [0x00000000c0000000,0x00000000c0afd3c0,0x00000000c4300000)
 Metaspace       used 35087K, committed 35840K, reserved 1114112K
  class space    used 3483K, committed 3840K, reserved 1048576K
}
Event: 2.974 GC heap after
{Heap after GC invocations=10 (full 1):
 PSYoungGen      total 25088K, used 1364K [0x00000000eab00000, 0x00000000ec700000, 0x0000000100000000)
  eden space 23552K, 0% used [0x00000000eab00000,0x00000000eab00000,0x00000000ec200000)
  from space 1536K, 88% used [0x00000000ec200000,0x00000000ec355020,0x00000000ec380000)
  to   space 2560K, 0% used [0x00000000ec480000,0x00000000ec480000,0x00000000ec700000)
 ParOldGen       total 68608K, used 13883K [0x00000000c0000000, 0x00000000c4300000, 0x00000000eab00000)
  object space 68608K, 20% used [0x00000000c0000000,0x00000000c0d8efb0,0x00000000c4300000)
 Metaspace       used 35087K, committed 35840K, reserved 1114112K
  class space    used 3483K, committed 3840K, reserved 1048576K
}
Event: 2.974 GC heap before
{Heap before GC invocations=11 (full 2):
 PSYoungGen      total 25088K, used 1364K [0x00000000eab00000, 0x00000000ec700000, 0x0000000100000000)
  eden space 23552K, 0% used [0x00000000eab00000,0x00000000eab00000,0x00000000ec200000)
  from space 1536K, 88% used [0x00000000ec200000,0x00000000ec355020,0x00000000ec380000)
  to   space 2560K, 0% used [0x00000000ec480000,0x00000000ec480000,0x00000000ec700000)
 ParOldGen       total 68608K, used 13883K [0x00000000c0000000, 0x00000000c4300000, 0x00000000eab00000)
  object space 68608K, 20% used [0x00000000c0000000,0x00000000c0d8efb0,0x00000000c4300000)
 Metaspace       used 35087K, committed 35840K, reserved 1114112K
  class space    used 3483K, committed 3840K, reserved 1048576K
}
Event: 3.002 GC heap after
{Heap after GC invocations=11 (full 2):
 PSYoungGen      total 25088K, used 0K [0x00000000eab00000, 0x00000000ec700000, 0x0000000100000000)
  eden space 23552K, 0% used [0x00000000eab00000,0x00000000eab00000,0x00000000ec200000)
  from space 1536K, 0% used [0x00000000ec200000,0x00000000ec200000,0x00000000ec380000)
  to   space 2560K, 0% used [0x00000000ec480000,0x00000000ec480000,0x00000000ec700000)
 ParOldGen       total 68608K, used 13710K [0x00000000c0000000, 0x00000000c4300000, 0x00000000eab00000)
  object space 68608K, 19% used [0x00000000c0000000,0x00000000c0d63820,0x00000000c4300000)
 Metaspace       used 35087K, committed 35840K, reserved 1114112K
  class space    used 3483K, committed 3840K, reserved 1048576K
}
Event: 3.381 GC heap before
{Heap before GC invocations=12 (full 2):
 PSYoungGen      total 25088K, used 23552K [0x00000000eab00000, 0x00000000ec700000, 0x0000000100000000)
  eden space 23552K, 100% used [0x00000000eab00000,0x00000000ec200000,0x00000000ec200000)
  from space 1536K, 0% used [0x00000000ec200000,0x00000000ec200000,0x00000000ec380000)
  to   space 2560K, 0% used [0x00000000ec480000,0x00000000ec480000,0x00000000ec700000)
 ParOldGen       total 68608K, used 13710K [0x00000000c0000000, 0x00000000c4300000, 0x00000000eab00000)
  object space 68608K, 19% used [0x00000000c0000000,0x00000000c0d63820,0x00000000c4300000)
 Metaspace       used 38235K, committed 39104K, reserved 1114112K
  class space    used 3869K, committed 4288K, reserved 1048576K
}
Event: 3.383 GC heap after
{Heap after GC invocations=12 (full 2):
 PSYoungGen      total 24576K, used 1418K [0x00000000eab00000, 0x00000000ec600000, 0x0000000100000000)
  eden space 23040K, 0% used [0x00000000eab00000,0x00000000eab00000,0x00000000ec180000)
  from space 1536K, 92% used [0x00000000ec480000,0x00000000ec5e2930,0x00000000ec600000)
  to   space 2048K, 0% used [0x00000000ec200000,0x00000000ec200000,0x00000000ec400000)
 ParOldGen       total 68608K, used 13718K [0x00000000c0000000, 0x00000000c4300000, 0x00000000eab00000)
  object space 68608K, 19% used [0x00000000c0000000,0x00000000c0d65820,0x00000000c4300000)
 Metaspace       used 38235K, committed 39104K, reserved 1114112K
  class space    used 3869K, committed 4288K, reserved 1048576K
}

Dll operation events (11 events):
Event: 0.008 Loaded shared library c:\Users\111\.vscode\extensions\redhat.java-1.25.0-win32-x64\jre\17.0.9-win32-x86_64\bin\java.dll
Event: 0.120 Loaded shared library c:\Users\111\.vscode\extensions\redhat.java-1.25.0-win32-x64\jre\17.0.9-win32-x86_64\bin\zip.dll
Event: 0.122 Loaded shared library C:\Users\111\.vscode\extensions\redhat.java-1.25.0-win32-x64\jre\17.0.9-win32-x86_64\bin\instrument.dll
Event: 0.131 Loaded shared library C:\Users\111\.vscode\extensions\redhat.java-1.25.0-win32-x64\jre\17.0.9-win32-x86_64\bin\net.dll
Event: 0.132 Loaded shared library C:\Users\111\.vscode\extensions\redhat.java-1.25.0-win32-x64\jre\17.0.9-win32-x86_64\bin\nio.dll
Event: 0.137 Loaded shared library C:\Users\111\.vscode\extensions\redhat.java-1.25.0-win32-x64\jre\17.0.9-win32-x86_64\bin\zip.dll
Event: 0.149 Loaded shared library C:\Users\111\.vscode\extensions\redhat.java-1.25.0-win32-x64\jre\17.0.9-win32-x86_64\bin\jimage.dll
Event: 0.192 Loaded shared library c:\Users\111\.vscode\extensions\redhat.java-1.25.0-win32-x64\jre\17.0.9-win32-x86_64\bin\verify.dll
Event: 1.045 Loaded shared library C:\Users\111\AppData\Roaming\Code\User\globalStorage\redhat.java\1.25.0\config_win\org.eclipse.equinox.launcher\org.eclipse.equinox.launcher.win32.win32.x86_64_1.2.800.v20231003-1442\eclipse_11802.dll
Event: 2.961 Loaded shared library C:\Users\111\AppData\Local\Temp\jna-48657\jna6502981837172304767.dll
Event: 3.605 Loaded shared library C:\Users\111\.vscode\extensions\redhat.java-1.25.0-win32-x64\jre\17.0.9-win32-x86_64\bin\sunmscapi.dll

Deoptimization events (20 events):
Event: 3.501 Thread 0x0000021c23b52790 Uncommon trap: trap_request=0xffffffde fr.pc=0x0000021c1295f518 relative=0x00000000000001d8
Event: 3.501 Thread 0x0000021c23b52790 Uncommon trap: reason=class_check action=maybe_recompile pc=0x0000021c1295f518 method=java.io.BufferedInputStream.read1([BII)I @ 39 c2
Event: 3.501 Thread 0x0000021c23b52790 DEOPT PACKING pc=0x0000021c1295f518 sp=0x000000b3f9efe270
Event: 3.501 Thread 0x0000021c23b52790 DEOPT UNPACKING pc=0x0000021c122f66a3 sp=0x000000b3f9efe218 mode 2
Event: 3.594 Thread 0x0000021c23b4f4f0 Uncommon trap: trap_request=0xffffff45 fr.pc=0x0000021c129d5cf8 relative=0x0000000000000c18
Event: 3.594 Thread 0x0000021c23b4f4f0 Uncommon trap: reason=unstable_if action=reinterpret pc=0x0000021c129d5cf8 method=java.util.concurrent.locks.ReentrantLock$Sync.lock()V @ 4 c2
Event: 3.594 Thread 0x0000021c23b4f4f0 DEOPT PACKING pc=0x0000021c129d5cf8 sp=0x000000b3fa6fabe0
Event: 3.594 Thread 0x0000021c23b4f4f0 DEOPT UNPACKING pc=0x0000021c122f66a3 sp=0x000000b3fa6faa88 mode 2
Event: 3.595 Thread 0x0000021c23b52790 Uncommon trap: trap_request=0xffffff45 fr.pc=0x0000021c12988aa4 relative=0x0000000000000484
Event: 3.595 Thread 0x0000021c23b52790 Uncommon trap: reason=unstable_if action=reinterpret pc=0x0000021c12988aa4 method=java.util.concurrent.locks.ReentrantLock$Sync.lock()V @ 4 c2
Event: 3.595 Thread 0x0000021c23b52790 DEOPT PACKING pc=0x0000021c12988aa4 sp=0x000000b3f9ef9150
Event: 3.595 Thread 0x0000021c23b52790 DEOPT UNPACKING pc=0x0000021c122f66a3 sp=0x000000b3f9ef9058 mode 2
Event: 3.597 Thread 0x0000021c23b51350 Uncommon trap: trap_request=0xffffff45 fr.pc=0x0000021c129cf010 relative=0x00000000000001f0
Event: 3.597 Thread 0x0000021c23b51350 Uncommon trap: reason=unstable_if action=reinterpret pc=0x0000021c129cf010 method=java.util.HashMap.putVal(ILjava/lang/Object;Ljava/lang/Object;ZZ)Ljava/lang/Object; @ 162 c2
Event: 3.597 Thread 0x0000021c23b51350 DEOPT PACKING pc=0x0000021c129cf010 sp=0x000000b3f9dfdcd0
Event: 3.597 Thread 0x0000021c23b51350 DEOPT UNPACKING pc=0x0000021c122f66a3 sp=0x000000b3f9dfdc40 mode 2
Event: 3.629 Thread 0x0000021c23b51350 Uncommon trap: trap_request=0xffffff45 fr.pc=0x0000021c129e3210 relative=0x00000000000004d0
Event: 3.629 Thread 0x0000021c23b51350 Uncommon trap: reason=unstable_if action=reinterpret pc=0x0000021c129e3210 method=java.util.TreeMap.containsKey(Ljava/lang/Object;)Z @ 5 c2
Event: 3.629 Thread 0x0000021c23b51350 DEOPT PACKING pc=0x0000021c129e3210 sp=0x000000b3f9dfcef0
Event: 3.629 Thread 0x0000021c23b51350 DEOPT UNPACKING pc=0x0000021c122f66a3 sp=0x000000b3f9dfcec0 mode 2

Classes unloaded (7 events):
Event: 1.899 Thread 0x0000021c212833e0 Unloading class 0x0000000100250000 'java/lang/invoke/LambdaForm$MH+0x0000000100250000'
Event: 1.899 Thread 0x0000021c212833e0 Unloading class 0x000000010024fc00 'java/lang/invoke/LambdaForm$MH+0x000000010024fc00'
Event: 1.899 Thread 0x0000021c212833e0 Unloading class 0x000000010024f800 'java/lang/invoke/LambdaForm$MH+0x000000010024f800'
Event: 1.899 Thread 0x0000021c212833e0 Unloading class 0x000000010024f400 'java/lang/invoke/LambdaForm$MH+0x000000010024f400'
Event: 1.899 Thread 0x0000021c212833e0 Unloading class 0x000000010024f000 'java/lang/invoke/LambdaForm$BMH+0x000000010024f000'
Event: 1.899 Thread 0x0000021c212833e0 Unloading class 0x000000010024ec00 'java/lang/invoke/LambdaForm$DMH+0x000000010024ec00'
Event: 1.899 Thread 0x0000021c212833e0 Unloading class 0x000000010024c000 'java/lang/invoke/LambdaForm$DMH+0x000000010024c000'

Classes redefined (0 events):
No events

Internal exceptions (20 events):
Event: 2.707 Thread 0x0000021c237dfb20 Exception <a 'java/lang/ClassNotFoundException'{0x00000000ec16c078}: com/sun/org/apache/xerces/internal/impl/msg/spi/XMLSerializerMessagesProvider> (0x00000000ec16c078) 
thrown [s\src\hotspot\share\classfile\systemDictionary.cpp, line 256]
Event: 2.707 Thread 0x0000021c237dfb20 Exception <a 'java/lang/ClassNotFoundException'{0x00000000ec179350}: com/sun/org/apache/xerces/internal/impl/msg/spi/XMLMessagesProvider> (0x00000000ec179350) 
thrown [s\src\hotspot\share\classfile\systemDictionary.cpp, line 256]
Event: 2.725 Thread 0x0000021c237dfb20 Exception <a 'java/lang/NoSuchMethodError'{0x00000000ec264940}: 'void java.lang.invoke.DirectMethodHandle$Holder.invokeVirtual(java.lang.Object, java.lang.Object)'> (0x00000000ec264940) 
thrown [s\src\hotspot\share\interpreter\linkResolver.cpp, line 759]
Event: 2.748 Thread 0x0000021c237dfb20 Exception <a 'java/lang/NoSuchMethodError'{0x00000000eaca2618}: 'java.lang.Object java.lang.invoke.DirectMethodHandle$Holder.invokeStaticInit(java.lang.Object, int, int, int, int)'> (0x00000000eaca2618) 
thrown [s\src\hotspot\share\interpreter\linkResolver.cpp, line 759]
Event: 2.803 Thread 0x0000021c237dfb20 Exception <a 'java/lang/NoSuchMethodError'{0x00000000ead7e0b0}: 'java.lang.Object java.lang.invoke.DirectMethodHandle$Holder.invokeStaticInit(java.lang.Object, java.lang.Object, int, int, int, int)'> (0x00000000ead7e0b0) 
thrown [s\src\hotspot\share\interpreter\linkResolver.cpp, line 759]
Event: 2.854 Thread 0x0000021c237dfb20 Exception <a 'java/lang/ClassNotFoundException'{0x00000000eb0dc490}: com/sun/org/apache/xml/internal/serializer/spi/XMLEntitiesProvider> (0x00000000eb0dc490) 
thrown [s\src\hotspot\share\classfile\systemDictionary.cpp, line 256]
Event: 2.933 Thread 0x0000021c237dfb20 Exception <a 'java/io/FileNotFoundException'{0x00000000eb46d868}> (0x00000000eb46d868) 
thrown [s\src\hotspot\share\prims\jni.cpp, line 516]
Event: 3.022 Thread 0x0000021c237dfb20 Exception <a 'java/lang/UnsatisfiedLinkError'{0x00000000eabde640}: The specified procedure could not be found.
> (0x00000000eabde640) 
thrown [s\src\hotspot\share\prims\jni.cpp, line 535]
Event: 3.027 Thread 0x0000021c237dfb20 Exception <a 'java/io/FileNotFoundException'{0x00000000eac03f70}> (0x00000000eac03f70) 
thrown [s\src\hotspot\share\prims\jni.cpp, line 516]
Event: 3.036 Thread 0x0000021c237dfb20 Exception <a 'java/io/FileNotFoundException'{0x00000000eac868e0}> (0x00000000eac868e0) 
thrown [s\src\hotspot\share\prims\jni.cpp, line 516]
Event: 3.044 Thread 0x0000021c237dfb20 Exception <a 'java/lang/UnsatisfiedLinkError'{0x00000000ead16bf0}: The specified procedure could not be found.
> (0x00000000ead16bf0) 
thrown [s\src\hotspot\share\prims\jni.cpp, line 535]
Event: 3.094 Thread 0x0000021c237dfb20 Exception <a 'java/lang/UnsatisfiedLinkError'{0x00000000eb0e4fe0}: The specified procedure could not be found.
> (0x00000000eb0e4fe0) 
thrown [s\src\hotspot\share\prims\jni.cpp, line 535]
Event: 3.217 Thread 0x0000021c080cb320 Exception <a 'java/lang/NoSuchMethodError'{0x00000000eb752510}: 'java.lang.Object java.lang.invoke.DirectMethodHandle$Holder.invokeStatic(java.lang.Object, java.lang.Object, long, java.lang.Object)'> (0x00000000eb752510) 
thrown [s\src\hotspot\share\interpreter\linkResolver.cpp, line 759]
Event: 3.218 Thread 0x0000021c080cb320 Exception <a 'java/lang/NoSuchMethodError'{0x00000000eb756270}: 'java.lang.Object java.lang.invoke.DirectMethodHandle$Holder.invokeStaticInit(java.lang.Object, java.lang.Object, long, java.lang.Object)'> (0x00000000eb756270) 
thrown [s\src\hotspot\share\interpreter\linkResolver.cpp, line 759]
Event: 3.219 Thread 0x0000021c080cb320 Exception <a 'java/lang/NoSuchMethodError'{0x00000000eb75cac0}: 'java.lang.Object java.lang.invoke.DirectMethodHandle$Holder.newInvokeSpecial(java.lang.Object, java.lang.Object, long)'> (0x00000000eb75cac0) 
thrown [s\src\hotspot\share\interpreter\linkResolver.cpp, line 759]
Event: 3.272 Thread 0x0000021c080cb320 Exception <a 'java/lang/NoSuchMethodError'{0x00000000eb919228}: 'void java.lang.invoke.DirectMethodHandle$Holder.invokeStatic(java.lang.Object, java.lang.Object, java.lang.Object, java.lang.Object)'> (0x00000000eb919228) 
thrown [s\src\hotspot\share\interpreter\linkResolver.cpp, line 759]
Event: 3.405 Thread 0x0000021c080cb320 Exception <a 'java/lang/NoSuchMethodError'{0x00000000eac95c78}: 'void java.lang.invoke.DirectMethodHandle$Holder.invokeSpecial(java.lang.Object, java.lang.Object, java.lang.Object, java.lang.Object, java.lang.Object, java.lang.Object)'> (0x00000000eac95c78) 
thrown [s\src\hotspot\share\interpreter\linkResolver.cpp, line 759]
Event: 3.407 Thread 0x0000021c080cb320 Exception <a 'java/lang/IncompatibleClassChangeError'{0x00000000eac9f7c8}: Found class java.lang.Object, but interface was expected> (0x00000000eac9f7c8) 
thrown [s\src\hotspot\share\interpreter\linkResolver.cpp, line 826]
Event: 3.511 Thread 0x0000021c23b52790 Exception <a 'java/lang/NoSuchMethodError'{0x00000000eb2f8530}: 'java.lang.Object java.lang.invoke.DirectMethodHandle$Holder.invokeSpecialIFC(java.lang.Object, java.lang.Object, java.lang.Object, java.lang.Object)'> (0x00000000eb2f8530) 
thrown [s\src\hotspot\share\interpreter\linkResolver.cpp, line 759]
Event: 3.621 Thread 0x0000021c23b4efe0 Exception <a 'java/io/FileNotFoundException'{0x00000000ebee8ea8}> (0x00000000ebee8ea8) 
thrown [s\src\hotspot\share\prims\jni.cpp, line 516]

VM Operations (20 events):
Event: 2.796 Executing VM operation: HandshakeAllThreads
Event: 2.796 Executing VM operation: HandshakeAllThreads done
Event: 2.831 Executing VM operation: HandshakeAllThreads
Event: 2.831 Executing VM operation: HandshakeAllThreads done
Event: 2.885 Executing VM operation: HandshakeAllThreads
Event: 2.885 Executing VM operation: HandshakeAllThreads done
Event: 2.972 Executing VM operation: CollectForMetadataAllocation
Event: 3.002 Executing VM operation: CollectForMetadataAllocation done
Event: 3.004 Executing VM operation: HandshakeAllThreads
Event: 3.005 Executing VM operation: HandshakeAllThreads done
Event: 3.381 Executing VM operation: ParallelGCFailedAllocation
Event: 3.383 Executing VM operation: ParallelGCFailedAllocation done
Event: 3.481 Executing VM operation: HandshakeAllThreads
Event: 3.481 Executing VM operation: HandshakeAllThreads done
Event: 3.531 Executing VM operation: HandshakeAllThreads
Event: 3.531 Executing VM operation: HandshakeAllThreads done
Event: 3.604 Executing VM operation: HandshakeAllThreads
Event: 3.604 Executing VM operation: HandshakeAllThreads done
Event: 3.610 Executing VM operation: HandshakeAllThreads
Event: 3.610 Executing VM operation: HandshakeAllThreads done

Events (20 events):
Event: 3.621 loading class sun/security/ssl/SSLContextImpl$AbstractTLSContext done
Event: 3.621 loading class sun/security/ssl/SSLContextImpl$CustomizedTLSContext done
Event: 3.621 loading class sun/security/ssl/SSLContextImpl$DefaultSSLContext done
Event: 3.621 loading class sun/security/ssl/SSLLogger
Event: 3.622 loading class sun/security/ssl/SSLLogger done
Event: 3.622 loading class sun/security/ssl/ProtocolVersion
Event: 3.622 loading class sun/security/ssl/ProtocolVersion done
Event: 3.623 loading class sun/security/ssl/SSLAlgorithmConstraints
Event: 3.625 loading class sun/security/ssl/SSLAlgorithmConstraints done
Event: 3.626 loading class sun/security/ssl/SSLAlgorithmDecomposer
Event: 3.626 loading class sun/security/ssl/SSLAlgorithmDecomposer done
Event: 3.627 loading class sun/security/util/DisabledAlgorithmConstraints$jdkCAConstraint
Event: 3.627 loading class sun/security/util/DisabledAlgorithmConstraints$jdkCAConstraint done
Event: 3.627 loading class sun/security/util/DisabledAlgorithmConstraints$UsageConstraint
Event: 3.628 loading class sun/security/util/DisabledAlgorithmConstraints$UsageConstraint done
Event: 3.628 loading class java/security/CryptoPrimitive
Event: 3.629 loading class java/security/CryptoPrimitive done
Event: 3.629 loading class sun/security/ssl/CipherSuite
Event: 3.632 loading class sun/security/ssl/CipherSuite done
Event: 3.636 loading class sun/security/ssl/SSLCipher


Dynamic libraries:
0x00007ff62b390000 - 0x00007ff62b39e000 	c:\Users\111\.vscode\extensions\redhat.java-1.25.0-win32-x64\jre\17.0.9-win32-x86_64\bin\java.exe
0x00007fff70db0000 - 0x00007fff70fa8000 	C:\Windows\SYSTEM32\ntdll.dll
0x00007fff6f010000 - 0x00007fff6f0cd000 	C:\Windows\System32\KERNEL32.DLL
0x00007fff6e970000 - 0x00007fff6ec66000 	C:\Windows\System32\KERNELBASE.dll
0x00007fff6ed10000 - 0x00007fff6ee10000 	C:\Windows\System32\ucrtbase.dll
0x00007fff67000000 - 0x00007fff67017000 	c:\Users\111\.vscode\extensions\redhat.java-1.25.0-win32-x64\jre\17.0.9-win32-x86_64\bin\jli.dll
0x00007fff59fb0000 - 0x00007fff59fcb000 	c:\Users\111\.vscode\extensions\redhat.java-1.25.0-win32-x64\jre\17.0.9-win32-x86_64\bin\VCRUNTIME140.dll
0x00007fff704f0000 - 0x00007fff7068e000 	C:\Windows\System32\USER32.dll
0x00007fff5a4a0000 - 0x00007fff5a73a000 	C:\Windows\WinSxS\amd64_microsoft.windows.common-controls_6595b64144ccf1df_6.0.19041.3636_none_60b6a03d71f818d5\COMCTL32.dll
0x00007fff6e580000 - 0x00007fff6e5a2000 	C:\Windows\System32\win32u.dll
0x00007fff6f430000 - 0x00007fff6f45c000 	C:\Windows\System32\GDI32.dll
0x00007fff70740000 - 0x00007fff707de000 	C:\Windows\System32\msvcrt.dll
0x00007fff6e5b0000 - 0x00007fff6e6ca000 	C:\Windows\System32\gdi32full.dll
0x00007fff6ec70000 - 0x00007fff6ed0d000 	C:\Windows\System32\msvcp_win.dll
0x00007fff6efc0000 - 0x00007fff6eff0000 	C:\Windows\System32\IMM32.DLL
0x00007fff68a60000 - 0x00007fff68a6c000 	c:\Users\111\.vscode\extensions\redhat.java-1.25.0-win32-x64\jre\17.0.9-win32-x86_64\bin\vcruntime140_1.dll
0x00007fff3e3c0000 - 0x00007fff3e44d000 	c:\Users\111\.vscode\extensions\redhat.java-1.25.0-win32-x64\jre\17.0.9-win32-x86_64\bin\msvcp140.dll
0x00007fff29e40000 - 0x00007fff2aaa1000 	c:\Users\111\.vscode\extensions\redhat.java-1.25.0-win32-x64\jre\17.0.9-win32-x86_64\bin\server\jvm.dll
0x00007fff6f0d0000 - 0x00007fff6f17f000 	C:\Windows\System32\ADVAPI32.dll
0x00007fff70370000 - 0x00007fff7040c000 	C:\Windows\System32\sechost.dll
0x00007fff6f250000 - 0x00007fff6f376000 	C:\Windows\System32\RPCRT4.dll
0x00007fff6d9f0000 - 0x00007fff6da3b000 	C:\Windows\SYSTEM32\POWRPROF.dll
0x00007fff68980000 - 0x00007fff68989000 	C:\Windows\SYSTEM32\WSOCK32.dll
0x00007fff59330000 - 0x00007fff59357000 	C:\Windows\SYSTEM32\WINMM.dll
0x00007fff66ca0000 - 0x00007fff66caa000 	C:\Windows\SYSTEM32\VERSION.dll
0x00007fff6f460000 - 0x00007fff6f4cb000 	C:\Windows\System32\WS2_32.dll
0x00007fff6d8b0000 - 0x00007fff6d8c2000 	C:\Windows\SYSTEM32\UMPDC.dll
0x00007fff6cce0000 - 0x00007fff6ccf2000 	C:\Windows\SYSTEM32\kernel.appcore.dll
0x00007fff67950000 - 0x00007fff6795a000 	c:\Users\111\.vscode\extensions\redhat.java-1.25.0-win32-x64\jre\17.0.9-win32-x86_64\bin\jimage.dll
0x00007fff6c9d0000 - 0x00007fff6cbb4000 	C:\Windows\SYSTEM32\DBGHELP.DLL
0x00007fff46290000 - 0x00007fff462c4000 	C:\Windows\SYSTEM32\dbgcore.DLL
0x00007fff6e8e0000 - 0x00007fff6e962000 	C:\Windows\System32\bcryptPrimitives.dll
0x00007fff66ff0000 - 0x00007fff66ffe000 	c:\Users\111\.vscode\extensions\redhat.java-1.25.0-win32-x64\jre\17.0.9-win32-x86_64\bin\instrument.dll
0x00007fff565d0000 - 0x00007fff565f5000 	c:\Users\111\.vscode\extensions\redhat.java-1.25.0-win32-x64\jre\17.0.9-win32-x86_64\bin\java.dll
0x00007fff564c0000 - 0x00007fff564d8000 	c:\Users\111\.vscode\extensions\redhat.java-1.25.0-win32-x64\jre\17.0.9-win32-x86_64\bin\zip.dll
0x00007fff6fbc0000 - 0x00007fff70304000 	C:\Windows\System32\SHELL32.dll
0x00007fff6c170000 - 0x00007fff6c90b000 	C:\Windows\SYSTEM32\windows.storage.dll
0x00007fff6f800000 - 0x00007fff6fb54000 	C:\Windows\System32\combase.dll
0x00007fff6ded0000 - 0x00007fff6defd000 	C:\Windows\SYSTEM32\Wldp.dll
0x00007fff6f600000 - 0x00007fff6f6ad000 	C:\Windows\System32\SHCORE.dll
0x00007fff6f790000 - 0x00007fff6f7e5000 	C:\Windows\System32\shlwapi.dll
0x00007fff6e3c0000 - 0x00007fff6e3e5000 	C:\Windows\SYSTEM32\profapi.dll
0x00007fff564a0000 - 0x00007fff564b9000 	C:\Users\111\.vscode\extensions\redhat.java-1.25.0-win32-x64\jre\17.0.9-win32-x86_64\bin\net.dll
0x00007fff62480000 - 0x00007fff6258a000 	C:\Windows\SYSTEM32\WINHTTP.dll
0x00007fff6dc30000 - 0x00007fff6dc9a000 	C:\Windows\system32\mswsock.dll
0x00007fff491f0000 - 0x00007fff49206000 	C:\Users\111\.vscode\extensions\redhat.java-1.25.0-win32-x64\jre\17.0.9-win32-x86_64\bin\nio.dll
0x00007fff59990000 - 0x00007fff599a0000 	c:\Users\111\.vscode\extensions\redhat.java-1.25.0-win32-x64\jre\17.0.9-win32-x86_64\bin\verify.dll
0x00007fff41a20000 - 0x00007fff41a5e000 	C:\Users\111\AppData\Roaming\Code\User\globalStorage\redhat.java\1.25.0\config_win\org.eclipse.equinox.launcher\org.eclipse.equinox.launcher.win32.win32.x86_64_1.2.800.v20231003-1442\eclipse_11802.dll
0x00007fff6f4d0000 - 0x00007fff6f5fb000 	C:\Windows\System32\ole32.dll
0x00007fff6de30000 - 0x00007fff6de48000 	C:\Windows\SYSTEM32\CRYPTSP.dll
0x00007fff6d4f0000 - 0x00007fff6d524000 	C:\Windows\system32\rsaenh.dll
0x00007fff6e550000 - 0x00007fff6e577000 	C:\Windows\System32\bcrypt.dll
0x00007fff6e340000 - 0x00007fff6e36e000 	C:\Windows\SYSTEM32\USERENV.dll
0x00007fff6de20000 - 0x00007fff6de2c000 	C:\Windows\SYSTEM32\CRYPTBASE.dll
0x00007fff6d8d0000 - 0x00007fff6d90b000 	C:\Windows\SYSTEM32\IPHLPAPI.DLL
0x00007fff70720000 - 0x00007fff70728000 	C:\Windows\System32\NSI.dll
0x00007fff662a0000 - 0x00007fff662b7000 	C:\Windows\SYSTEM32\dhcpcsvc6.DLL
0x00007fff65ab0000 - 0x00007fff65acd000 	C:\Windows\SYSTEM32\dhcpcsvc.DLL
0x00007fff6d910000 - 0x00007fff6d9da000 	C:\Windows\SYSTEM32\DNSAPI.dll
0x00007fff3e1d0000 - 0x00007fff3e215000 	C:\Users\111\AppData\Local\Temp\jna-48657\jna6502981837172304767.dll
0x00007fff6f7f0000 - 0x00007fff6f7f8000 	C:\Windows\System32\PSAPI.DLL
0x00007fff572e0000 - 0x00007fff572ee000 	C:\Users\111\.vscode\extensions\redhat.java-1.25.0-win32-x64\jre\17.0.9-win32-x86_64\bin\sunmscapi.dll
0x00007fff6e780000 - 0x00007fff6e8dd000 	C:\Windows\System32\CRYPT32.dll
0x00007fff6df40000 - 0x00007fff6df67000 	C:\Windows\SYSTEM32\ncrypt.dll
0x00007fff6df00000 - 0x00007fff6df3b000 	C:\Windows\SYSTEM32\NTASN1.dll

dbghelp: loaded successfully - version: 4.0.5 - missing functions: none
symbol engine: initialized successfully - sym options: 0x614 - pdb path: .;c:\Users\111\.vscode\extensions\redhat.java-1.25.0-win32-x64\jre\17.0.9-win32-x86_64\bin;C:\Windows\SYSTEM32;C:\Windows\WinSxS\amd64_microsoft.windows.common-controls_6595b64144ccf1df_6.0.19041.3636_none_60b6a03d71f818d5;c:\Users\111\.vscode\extensions\redhat.java-1.25.0-win32-x64\jre\17.0.9-win32-x86_64\bin\server;C:\Users\111\AppData\Roaming\Code\User\globalStorage\redhat.java\1.25.0\config_win\org.eclipse.equinox.launcher\org.eclipse.equinox.launcher.win32.win32.x86_64_1.2.800.v20231003-1442;C:\Users\111\AppData\Local\Temp\jna-48657

VM Arguments:
jvm_args: --add-modules=ALL-SYSTEM --add-opens=java.base/java.util=ALL-UNNAMED --add-opens=java.base/java.lang=ALL-UNNAMED --add-opens=java.base/sun.nio.fs=ALL-UNNAMED -Declipse.application=org.eclipse.jdt.ls.core.id1 -Dosgi.bundles.defaultStartLevel=4 -Declipse.product=org.eclipse.jdt.ls.core.product -Djava.import.generatesMetadataFilesAtProjectRoot=false -DDetectVMInstallationsJob.disabled=true -Dfile.encoding=utf8 -XX:+UseParallelGC -XX:GCTimeRatio=4 -XX:AdaptiveSizePolicyWeight=90 -Dsun.zip.disableMemoryMapping=true -Xmx1G -Xms100m -Xlog:disable -javaagent:c:\Users\111\.vscode\extensions\redhat.java-1.25.0-win32-x64\lombok\lombok-1.18.30.jar -XX:+HeapDumpOnOutOfMemoryError -XX:HeapDumpPath=c:\Users\111\AppData\Roaming\Code\User\workspaceStorage\fc9030aad287be6f3d626b9860efa7fd\redhat.java -Daether.dependencyCollector.impl=bf 
java_command: c:\Users\111\.vscode\extensions\redhat.java-1.25.0-win32-x64\server\plugins\org.eclipse.equinox.launcher_1.6.600.v20231012-1237.jar -configuration c:\Users\111\AppData\Roaming\Code\User\globalStorage\redhat.java\1.25.0\config_win -data c:\Users\111\AppData\Roaming\Code\User\workspaceStorage\fc9030aad287be6f3d626b9860efa7fd\redhat.java\jdt_ws --stdio
java_class_path (initial): c:\Users\111\.vscode\extensions\redhat.java-1.25.0-win32-x64\server\plugins\org.eclipse.equinox.launcher_1.6.600.v20231012-1237.jar
Launcher Type: SUN_STANDARD

[Global flags]
    uintx AdaptiveSizePolicyWeight                 = 90                                        {product} {command line}
     intx CICompilerCount                          = 4                                         {product} {ergonomic}
    uintx GCTimeRatio                              = 4                                         {product} {command line}
     bool HeapDumpOnOutOfMemoryError               = true                                   {manageable} {command line}
    ccstr HeapDumpPath                             = c:\Users\111\AppData\Roaming\Code\User\workspaceStorage\fc9030aad287be6f3d626b9860efa7fd\redhat.java         {manageable} {command line}
   size_t InitialHeapSize                          = 104857600                                 {product} {command line}
   size_t MaxHeapSize                              = 1073741824                                {product} {command line}
   size_t MaxNewSize                               = 357564416                                 {product} {ergonomic}
   size_t MinHeapDeltaBytes                        = 524288                                    {product} {ergonomic}
   size_t MinHeapSize                              = 104857600                                 {product} {command line}
   size_t NewSize                                  = 34603008                                  {product} {ergonomic}
    uintx NonNMethodCodeHeapSize                   = 5839372                                {pd product} {ergonomic}
    uintx NonProfiledCodeHeapSize                  = 122909434                              {pd product} {ergonomic}
   size_t OldSize                                  = 70254592                                  {product} {ergonomic}
    uintx ProfiledCodeHeapSize                     = 122909434                              {pd product} {ergonomic}
    uintx ReservedCodeCacheSize                    = 251658240                              {pd product} {ergonomic}
     bool SegmentedCodeCache                       = true                                      {product} {ergonomic}
   size_t SoftMaxHeapSize                          = 1073741824                             {manageable} {ergonomic}
     bool UseCompressedClassPointers               = true                           {product lp64_product} {ergonomic}
     bool UseCompressedOops                        = true                           {product lp64_product} {ergonomic}
     bool UseLargePagesIndividualAllocation        = false                                  {pd product} {ergonomic}
     bool UseParallelGC                            = true                                      {product} {command line}

Logging:
Log output configuration:
 #0: stdout all=off uptime,level,tags
 #1: stderr all=off uptime,level,tags

Environment Variables:
JAVA_HOME=C:\Program Files\Java\jdk-17
PATH=C:\Program Files\Common Files\Oracle\Java\javapath;C:\Program Files (x86)\Common Files\Oracle\Java\javapath;C:\Program Files\NVIDIA GPU Computing Toolkit\CUDA\v12.2\bin;C:\Program Files\NVIDIA GPU Computing Toolkit\CUDA\v12.2\libnvvp;C:\Windows\system32;C:\Windows;C:\Windows\System32\Wbem;C:\Windows\System32\WindowsPowerShell\v1.0\;C:\Windows\System32\OpenSSH\;C:\Program Files\TortoiseGit\bin;C:\xampp\php;C:\Program Files\nodejs\;C:\Program Files\Git\cmd;C:\Program Files\Microsoft SQL Server\130\Tools\Binn\;C:\Program Files\Microsoft SQL Server\150\Tools\Binn\;C:\Program Files\Microsoft SQL Server\Client SDK\ODBC\170\Tools\Binn\;C:\Program Files\dotnet\;C:\Program Files (x86)\Windows Kits\10\Windows Performance Toolkit\;C:\Users\111\AppData\Local\Packages\PythonSoftwareFoundation.Python.3.11_qbz5n2kfra8p0\LocalCache\local-packages\Python311\Scripts;C:\Program Files\NVIDIA Corporation\Nsight Compute 2023.2.2\;C:\Program Files (x86)\NVIDIA Corporation\PhysX\Common;C:\Program Files\NVIDIA Corporation\NVIDIA NvDLISR;C:\Program Files\Elixir\bin;C:\Program Files\Erlang OTP\bin;C:\Users\111\AppData\Local\Microsoft\WindowsApps;C:\Users\111\AppData\Local\Programs\Microsoft VS Code\bin;C:\Users\111\AppData\Roaming\npm;C:\Users\111\AppData\Local\Android\Sdk\platform-tools;C:\Program Files\CodeBlocks\MinGW\bin;C:\Users\111\AppData\Local\Programs\Python\Python311;C:\Users\111\AppData\Local\Programs\Python\Python311\Scripts;C:\Users\111\composer;C:\Users\111\AppData\Roaming\Composer\vendor\bin;C:\OSGeo4W;C:\Users\111\.dotnet\tools;D:\WORK\flutter\bin;D:\Tools\apache-maven-3.9.6-bin\apache-maven-3.9.6\bin;C:\Program Files\Java\jdk-17\bin;
USERNAME=111
OS=Windows_NT
PROCESSOR_IDENTIFIER=Intel64 Family 6 Model 158 Stepping 13, GenuineIntel
TMP=C:\Users\111\AppData\Local\Temp
TEMP=C:\Users\111\AppData\Local\Temp



Periodic native trim disabled


---------------  S Y S T E M  ---------------

OS:
 Windows 10 , 64 bit Build 19041 (10.0.19041.3636)
OS uptime: 0 days 11:24 hours

CPU: total 12 (initial active 12) (6 cores per cpu, 2 threads per core) family 6 model 158 stepping 13 microcode 0xca, cx8, cmov, fxsr, ht, mmx, 3dnowpref, sse, sse2, sse3, ssse3, sse4.1, sse4.2, popcnt, lzcnt, tsc, tscinvbit, avx, avx2, aes, erms, clmul, bmi1, bmi2, adx, fma, vzeroupper, clflush, clflushopt
Processor Information for all 12 processors :
  Max Mhz: 2592, Current Mhz: 2592, Mhz Limit: 2592

Memory: 4k page, system-wide physical 16225M (1202M free)
TotalPageFile size 21345M (AvailPageFile size 3M)
current process WorkingSet (physical memory assigned to process): 188M, peak: 189M
current process commit charge ("private bytes"): 290M, peak: 292M

vm_info: OpenJDK 64-Bit Server VM (17.0.9+9) for windows-amd64 JRE (17.0.9+9), built on Oct 26 2023 14:01:42 by "admin" with MS VC++ 16.10 / 16.11 (VS2019)

END.
