#
# There is insufficient memory for the Java Runtime Environment to continue.
# Native memory allocation (malloc) failed to allocate 2175728 bytes for Chunk::new
# Possible reasons:
#   The system is out of physical RAM or swap space
#   The process is running with CompressedOops enabled, and the Java Heap may be blocking the growth of the native heap
# Possible solutions:
#   Reduce memory load on the system
#   Increase physical memory or swap space
#   Check if swap backing store is full
#   Decrease Java heap size (-Xmx/-Xms)
#   Decrease number of Java threads
#   Decrease Java thread stack sizes (-Xss)
#   Set larger code cache with -XX:ReservedCodeCacheSize=
#   JVM is running with Unscaled Compressed Oops mode in which the Java heap is
#     placed in the first 4GB address space. The Java Heap base address is the
#     maximum limit for the native heap growth. Please use -XX:HeapBaseMinAddress
#     to set the Java Heap base and to place the Java Heap above 4GB virtual address.
# This output file may be truncated or incomplete.
#
#  Out of Memory Error (arena.cpp:191), pid=16160, tid=14716
#
# JRE version: OpenJDK Runtime Environment Temurin-17.0.9+9 (17.0.9+9) (build 17.0.9+9)
# Java VM: OpenJDK 64-Bit Server VM Temurin-17.0.9+9 (17.0.9+9, mixed mode, tiered, compressed oops, compressed class ptrs, parallel gc, windows-amd64)
# No core dump will be written. Minidumps are not enabled by default on client versions of Windows
#

---------------  S U M M A R Y ------------

Command Line: --add-modules=ALL-SYSTEM --add-opens=java.base/java.util=ALL-UNNAMED --add-opens=java.base/java.lang=ALL-UNNAMED --add-opens=java.base/sun.nio.fs=ALL-UNNAMED -Declipse.application=org.eclipse.jdt.ls.core.id1 -Dosgi.bundles.defaultStartLevel=4 -Declipse.product=org.eclipse.jdt.ls.core.product -Djava.import.generatesMetadataFilesAtProjectRoot=false -DDetectVMInstallationsJob.disabled=true -Dfile.encoding=utf8 -XX:+UseParallelGC -XX:GCTimeRatio=4 -XX:AdaptiveSizePolicyWeight=90 -Dsun.zip.disableMemoryMapping=true -Xmx1G -Xms100m -Xlog:disable -javaagent:c:\Users\111\.vscode\extensions\redhat.java-1.25.0-win32-x64\lombok\lombok-1.18.30.jar -XX:+HeapDumpOnOutOfMemoryError -XX:HeapDumpPath=c:\Users\111\AppData\Roaming\Code\User\workspaceStorage\fc9030aad287be6f3d626b9860efa7fd\redhat.java -Daether.dependencyCollector.impl=bf c:\Users\111\.vscode\extensions\redhat.java-1.25.0-win32-x64\server\plugins\org.eclipse.equinox.launcher_1.6.600.v20231012-1237.jar -configuration c:\Users\111\AppData\Roaming\Code\User\globalStorage\redhat.java\1.25.0\config_win -data c:\Users\111\AppData\Roaming\Code\User\workspaceStorage\fc9030aad287be6f3d626b9860efa7fd\redhat.java\jdt_ws --stdio

Host: Intel(R) Core(TM) i7-9750H CPU @ 2.60GHz, 12 cores, 15G,  Windows 10 , 64 bit Build 19041 (10.0.19041.3636)
Time: Thu Dec  7 17:44:27 2023 Tokyo Standard Time elapsed time: 7.558754 seconds (0d 0h 0m 7s)

---------------  T H R E A D  ---------------

Current thread (0x000001b44cfbc250):  JavaThread "C2 CompilerThread1" daemon [_thread_in_native, id=14716, stack(0x00000051dd100000,0x00000051dd200000)]


Current CompileTask:
C2:   7558 6326       4       org.eclipse.jdt.internal.compiler.util.JrtFileSystem$2::visitFile (10 bytes)

Stack: [0x00000051dd100000,0x00000051dd200000]
Native frames: (J=compiled Java code, j=interpreted, Vv=VM code, C=native code)
V  [jvm.dll+0x67cf49]
V  [jvm.dll+0x83478a]
V  [jvm.dll+0x83624e]
V  [jvm.dll+0x8368b3]
V  [jvm.dll+0x247f1f]
V  [jvm.dll+0xac43c]
V  [jvm.dll+0xaca8c]
V  [jvm.dll+0x367067]
V  [jvm.dll+0x3313ba]
V  [jvm.dll+0x33085a]
V  [jvm.dll+0x21a5b1]
V  [jvm.dll+0x2199d1]
V  [jvm.dll+0x1a57cd]
V  [jvm.dll+0x2297ae]
V  [jvm.dll+0x22797c]
V  [jvm.dll+0x7e9877]
V  [jvm.dll+0x7e3c3a]
V  [jvm.dll+0x67be35]
C  [ucrtbase.dll+0x21bb2]
C  [KERNEL32.DLL+0x17344]
C  [ntdll.dll+0x526b1]


---------------  P R O C E S S  ---------------

Threads class SMR info:
_java_thread_list=0x000001b44f82a510, length=38, elements={
0x000001b4322cca00, 0x000001b43238b5c0, 0x000001b43238caf0, 0x000001b44616b0a0,
0x000001b44616ce40, 0x000001b44616e370, 0x000001b44b4d5330, 0x000001b44b4fe020,
0x000001b44b4fed40, 0x000001b44b5056b0, 0x000001b44b620830, 0x000001b44ca6d090,
0x000001b44cfbc250, 0x000001b44cee2f30, 0x000001b44d139460, 0x000001b44d138730,
0x000001b44d8c2db0, 0x000001b44d8fd000, 0x000001b44dae3670, 0x000001b44db07c50,
0x000001b44db06810, 0x000001b44db08160, 0x000001b44e792040, 0x000001b44db06d20,
0x000001b44db04ec0, 0x000001b44db06300, 0x000001b44db07740, 0x000001b44db053d0,
0x000001b44db058e0, 0x000001b44e058500, 0x000001b44e058a10, 0x000001b44e056190,
0x000001b44e054330, 0x000001b44e054840, 0x000001b44e05b7a0, 0x000001b44e0566a0,
0x000001b44e057ff0, 0x000001b44e05bcb0
}

Java Threads: ( => current thread )
  0x000001b4322cca00 JavaThread "main" [_thread_blocked, id=7060, stack(0x00000051dbc00000,0x00000051dbd00000)]
  0x000001b43238b5c0 JavaThread "Reference Handler" daemon [_thread_blocked, id=2736, stack(0x00000051dbf00000,0x00000051dc000000)]
  0x000001b43238caf0 JavaThread "Finalizer" daemon [_thread_blocked, id=2004, stack(0x00000051dc000000,0x00000051dc100000)]
  0x000001b44616b0a0 JavaThread "Signal Dispatcher" daemon [_thread_blocked, id=11620, stack(0x00000051dc100000,0x00000051dc200000)]
  0x000001b44616ce40 JavaThread "Attach Listener" daemon [_thread_blocked, id=11616, stack(0x00000051dc200000,0x00000051dc300000)]
  0x000001b44616e370 JavaThread "Service Thread" daemon [_thread_blocked, id=3316, stack(0x00000051dc300000,0x00000051dc400000)]
  0x000001b44b4d5330 JavaThread "Monitor Deflation Thread" daemon [_thread_blocked, id=2248, stack(0x00000051dc400000,0x00000051dc500000)]
  0x000001b44b4fe020 JavaThread "C2 CompilerThread0" daemon [_thread_in_native, id=6452, stack(0x00000051dc500000,0x00000051dc600000)]
  0x000001b44b4fed40 JavaThread "C1 CompilerThread0" daemon [_thread_blocked, id=11628, stack(0x00000051dc600000,0x00000051dc700000)]
  0x000001b44b5056b0 JavaThread "Sweeper thread" daemon [_thread_blocked, id=11624, stack(0x00000051dc700000,0x00000051dc800000)]
  0x000001b44b620830 JavaThread "Common-Cleaner" daemon [_thread_blocked, id=9780, stack(0x00000051dc800000,0x00000051dc900000)]
  0x000001b44ca6d090 JavaThread "Notification Thread" daemon [_thread_blocked, id=17772, stack(0x00000051dca00000,0x00000051dcb00000)]
=>0x000001b44cfbc250 JavaThread "C2 CompilerThread1" daemon [_thread_in_native, id=14716, stack(0x00000051dd100000,0x00000051dd200000)]
  0x000001b44cee2f30 JavaThread "Active Thread: Equinox Container: 52a8a8d3-effc-4060-a1d1-bd8a345afa6a" [_thread_blocked, id=5452, stack(0x00000051dd200000,0x00000051dd300000)]
  0x000001b44d139460 JavaThread "Framework Event Dispatcher: Equinox Container: 52a8a8d3-effc-4060-a1d1-bd8a345afa6a" daemon [_thread_blocked, id=16948, stack(0x00000051dd400000,0x00000051dd500000)]
  0x000001b44d138730 JavaThread "Start Level: Equinox Container: 52a8a8d3-effc-4060-a1d1-bd8a345afa6a" daemon [_thread_blocked, id=11664, stack(0x00000051dd500000,0x00000051dd600000)]
  0x000001b44d8c2db0 JavaThread "Bundle File Closer" daemon [_thread_blocked, id=464, stack(0x00000051dd300000,0x00000051dd400000)]
  0x000001b44d8fd000 JavaThread "SCR Component Actor" daemon [_thread_blocked, id=11760, stack(0x00000051dd700000,0x00000051dd800000)]
  0x000001b44dae3670 JavaThread "SCR Component Registry" daemon [_thread_blocked, id=6864, stack(0x00000051dda00000,0x00000051ddb00000)]
  0x000001b44db07c50 JavaThread "Worker-JM" [_thread_blocked, id=11868, stack(0x00000051ddb00000,0x00000051ddc00000)]
  0x000001b44db06810 JavaThread "Worker-0" [_thread_blocked, id=16376, stack(0x00000051ddc00000,0x00000051ddd00000)]
  0x000001b44db08160 JavaThread "Worker-1: Loading available Gradle versions" [_thread_in_native, id=1908, stack(0x00000051ddd00000,0x00000051dde00000)]
  0x000001b44e792040 JavaThread "C2 CompilerThread2" daemon [_thread_in_native, id=11780, stack(0x00000051dde00000,0x00000051ddf00000)]
  0x000001b44db06d20 JavaThread "Java indexing" daemon [_thread_in_Java, id=10060, stack(0x00000051ddf00000,0x00000051de000000)]
  0x000001b44db04ec0 JavaThread "JNA Cleaner" daemon [_thread_blocked, id=15548, stack(0x00000051de000000,0x00000051de100000)]
  0x000001b44db06300 JavaThread "pool-2-thread-1" [_thread_blocked, id=12640, stack(0x00000051de300000,0x00000051de400000)]
  0x000001b44db07740 JavaThread "WorkspaceEventsHandler" [_thread_blocked, id=17124, stack(0x00000051de400000,0x00000051de500000)]
  0x000001b44db053d0 JavaThread "pool-1-thread-1" [_thread_in_vm, id=17460, stack(0x00000051de500000,0x00000051de600000)]
  0x000001b44db058e0 JavaThread "Worker-2: Java indexing... " [_thread_blocked, id=1476, stack(0x00000051de600000,0x00000051de700000)]
  0x000001b44e058500 JavaThread "Worker-3: Update project demo" [_thread_in_native, id=15832, stack(0x00000051de800000,0x00000051de900000)]
  0x000001b44e058a10 JavaThread "Worker-4: Initialize Workspace" [_thread_blocked, id=9320, stack(0x00000051de900000,0x00000051dea00000)]
  0x000001b44e056190 JavaThread "Worker-5: Refreshing workspace" [_thread_blocked, id=18380, stack(0x00000051dea00000,0x00000051deb00000)]
  0x000001b44e054330 JavaThread "Worker-6" [_thread_blocked, id=6368, stack(0x00000051deb00000,0x00000051dec00000)]
  0x000001b44e054840 JavaThread "Worker-7: Initialize workspace" [_thread_blocked, id=8596, stack(0x00000051dec00000,0x00000051ded00000)]
  0x000001b44e05b7a0 JavaThread "ForkJoinPool.commonPool-worker-1" daemon [_thread_blocked, id=15772, stack(0x00000051ded00000,0x00000051dee00000)]
  0x000001b44e0566a0 JavaThread "ForkJoinPool.commonPool-worker-2" daemon [_thread_blocked, id=16784, stack(0x00000051dee00000,0x00000051def00000)]
  0x000001b44e057ff0 JavaThread "ForkJoinPool.commonPool-worker-3" daemon [_thread_blocked, id=18320, stack(0x00000051def00000,0x00000051df000000)]
  0x000001b44e05bcb0 JavaThread "ForkJoinPool.commonPool-worker-4" daemon [_thread_blocked, id=15336, stack(0x00000051df000000,0x00000051df100000)]

Other Threads:
  0x000001b43237f8b0 VMThread "VM Thread" [stack: 0x00000051dbe00000,0x00000051dbf00000] [id=5268]
  0x000001b44cb5a6e0 WatcherThread [stack: 0x00000051dcb00000,0x00000051dcc00000] [id=17952]
  0x000001b4322e1480 GCTaskThread "GC Thread#0" [stack: 0x00000051dbd00000,0x00000051dbe00000] [id=972]
  0x000001b44cb91210 GCTaskThread "GC Thread#1" [stack: 0x00000051dc900000,0x00000051dca00000] [id=17036]
  0x000001b44d1d61d0 GCTaskThread "GC Thread#2" [stack: 0x00000051dcc00000,0x00000051dcd00000] [id=6740]
  0x000001b44d1d6490 GCTaskThread "GC Thread#3" [stack: 0x00000051dcd00000,0x00000051dce00000] [id=3448]
  0x000001b44ce14490 GCTaskThread "GC Thread#4" [stack: 0x00000051dce00000,0x00000051dcf00000] [id=9980]
  0x000001b44ce14750 GCTaskThread "GC Thread#5" [stack: 0x00000051dcf00000,0x00000051dd000000] [id=14776]
  0x000001b44d17a020 GCTaskThread "GC Thread#6" [stack: 0x00000051dd000000,0x00000051dd100000] [id=18048]
  0x000001b44d8cdee0 GCTaskThread "GC Thread#7" [stack: 0x00000051dd600000,0x00000051dd700000] [id=13892]
  0x000001b44da3f230 GCTaskThread "GC Thread#8" [stack: 0x00000051dd800000,0x00000051dd900000] [id=7072]
  0x000001b44de1e550 GCTaskThread "GC Thread#9" [stack: 0x00000051dd900000,0x00000051dda00000] [id=11696]

Threads with active compile tasks:
C2 CompilerThread0     7581 8037       4       lombok.launch.PackageShader::apply (252 bytes)
C2 CompilerThread1     7581 6326       4       org.eclipse.jdt.internal.compiler.util.JrtFileSystem$2::visitFile (10 bytes)
C2 CompilerThread2     7581 6357       4       org.eclipse.jdt.internal.compiler.util.JrtFileSystem$2::visitFile (72 bytes)

VM state: not at safepoint (normal execution)

VM Mutex/Monitor currently owned by a thread: None

Heap address: 0x00000000c0000000, size: 1024 MB, Compressed Oops mode: 32-bit

CDS archive(s) not mapped
Compressed class space mapped at: 0x0000000100000000-0x0000000140000000, reserved size: 1073741824
Narrow klass base: 0x0000000000000000, Narrow klass shift: 3, Narrow klass range: 0x140000000

GC Precious Log:
 CPUs: 12 total, 12 available
 Memory: 16225M
 Large Page Support: Disabled
 NUMA Support: Disabled
 Compressed Oops: Enabled (32-bit)
 Alignments: Space 512K, Generation 512K, Heap 2M
 Heap Min Capacity: 100M
 Heap Initial Capacity: 100M
 Heap Max Capacity: 1G
 Pre-touch: Disabled
 Parallel Workers: 10

Heap:
 PSYoungGen      total 13824K, used 11201K [0x00000000eab00000, 0x00000000ebc00000, 0x0000000100000000)
  eden space 10752K, 75% used [0x00000000eab00000,0x00000000eb2f36b0,0x00000000eb580000)
  from space 3072K, 99% used [0x00000000eb900000,0x00000000ebbfd018,0x00000000ebc00000)
  to   space 2048K, 0% used [0x00000000eb580000,0x00000000eb580000,0x00000000eb780000)
 ParOldGen       total 119808K, used 83983K [0x00000000c0000000, 0x00000000c7500000, 0x00000000eab00000)
  object space 119808K, 70% used [0x00000000c0000000,0x00000000c5203ea0,0x00000000c7500000)
 Metaspace       used 63069K, committed 64192K, reserved 1114112K
  class space    used 6865K, committed 7296K, reserved 1048576K

Card table byte_map: [0x000001b431c90000,0x000001b431ea0000] _byte_map_base: 0x000001b431690000

Marking Bits: (ParMarkBitMap*) 0x00007fff2a9dd0b0
 Begin Bits: [0x000001b443f70000, 0x000001b444f70000)
 End Bits:   [0x000001b444f70000, 0x000001b445f70000)

Polling page: 0x000001b430260000

Metaspace:

Usage:
  Non-class:     54.89 MB used.
      Class:      6.70 MB used.
       Both:     61.59 MB used.

Virtual space:
  Non-class space:       64.00 MB reserved,      55.56 MB ( 87%) committed,  1 nodes.
      Class space:        1.00 GB reserved,       7.12 MB ( <1%) committed,  1 nodes.
             Both:        1.06 GB reserved,      62.69 MB (  6%) committed. 

Chunk freelists:
   Non-Class:  8.39 MB
       Class:  8.70 MB
        Both:  17.09 MB

MaxMetaspaceSize: unlimited
CompressedClassSpaceSize: 1.00 GB
Initial GC threshold: 21.00 MB
Current GC threshold: 99.50 MB
CDS: off
MetaspaceReclaimPolicy: balanced
 - commit_granule_bytes: 65536.
 - commit_granule_words: 8192.
 - virtual_space_node_default_size: 8388608.
 - enlarge_chunks_in_place: 1.
 - new_chunks_are_fully_committed: 0.
 - uncommit_free_chunks: 1.
 - use_allocation_guard: 0.
 - handle_deallocations: 1.


Internal statistics:

num_allocs_failed_limit: 9.
num_arena_births: 766.
num_arena_deaths: 14.
num_vsnodes_births: 2.
num_vsnodes_deaths: 0.
num_space_committed: 1002.
num_space_uncommitted: 0.
num_chunks_returned_to_freelist: 23.
num_chunks_taken_from_freelist: 3078.
num_chunk_merges: 13.
num_chunk_splits: 1935.
num_chunks_enlarged: 1176.
num_inconsistent_stats: 0.

CodeHeap 'non-profiled nmethods': size=120000Kb used=3901Kb max_used=3901Kb free=116098Kb
 bounds [0x000001b43ca40000, 0x000001b43ce10000, 0x000001b443f70000]
CodeHeap 'profiled nmethods': size=120000Kb used=14781Kb max_used=14781Kb free=105218Kb
 bounds [0x000001b434f70000, 0x000001b435de0000, 0x000001b43c4a0000]
CodeHeap 'non-nmethods': size=5760Kb used=1359Kb max_used=1428Kb free=4400Kb
 bounds [0x000001b43c4a0000, 0x000001b43c710000, 0x000001b43ca40000]
 total_blobs=7917 nmethods=7212 adapters=617
 compilation: enabled
              stopped_count=0, restarted_count=0
 full_count=0

Compilation events (20 events):
Event: 7.497 Thread 0x000001b44b4fed40 8022       2       sun.net.www.protocol.jar.URLJarFile::isFileURL (50 bytes)
Event: 7.497 Thread 0x000001b44b4fed40 nmethod 8022 0x000001b435dc0810 code [0x000001b435dc09e0, 0x000001b435dc0be8]
Event: 7.499 Thread 0x000001b44b4fe020 nmethod 7532 0x000001b43ce06e90 code [0x000001b43ce07020, 0x000001b43ce07418]
Event: 7.499 Thread 0x000001b44b4fe020 6410       4       java.lang.StringConcatHelper::stringOf (20 bytes)
Event: 7.500 Thread 0x000001b44b4fe020 nmethod 6410 0x000001b43ce07710 code [0x000001b43ce07880, 0x000001b43ce07918]
Event: 7.500 Thread 0x000001b44b4fe020 6318       4       jdk.internal.jrtfs.JrtPath::subpath (129 bytes)
Event: 7.501 Thread 0x000001b44b4fed40 8023       3       jdk.internal.jimage.ImageLocation::verify (218 bytes)
Event: 7.501 Thread 0x000001b44b4fed40 nmethod 8023 0x000001b435dc0d90 code [0x000001b435dc1040, 0x000001b435dc1d98]
Event: 7.503 Thread 0x000001b44b4fed40 8024   !   2       sun.net.www.protocol.jar.JarURLConnection::connect (196 bytes)
Event: 7.504 Thread 0x000001b44b4fed40 nmethod 8024 0x000001b435dc2310 code [0x000001b435dc2580, 0x000001b435dc2ba8]
Event: 7.513 Thread 0x000001b44b4fed40 8026       2       sun.net.www.protocol.jar.Handler::openConnection (10 bytes)
Event: 7.514 Thread 0x000001b44b4fed40 nmethod 8026 0x000001b435dc2f10 code [0x000001b435dc30a0, 0x000001b435dc3228]
Event: 7.514 Thread 0x000001b44b4fed40 8027       2       sun.net.www.protocol.jar.JarURLConnection::<init> (44 bytes)
Event: 7.514 Thread 0x000001b44b4fed40 nmethod 8027 0x000001b435dc3310 code [0x000001b435dc34e0, 0x000001b435dc36f8]
Event: 7.514 Thread 0x000001b44b4fed40 8028       2       sun.net.www.protocol.jar.JarURLConnection::getInputStream (97 bytes)
Event: 7.517 Thread 0x000001b44b4fed40 nmethod 8028 0x000001b435dc3890 code [0x000001b435dc3ac0, 0x000001b435dc3fe8]
Event: 7.517 Thread 0x000001b44b4fed40 8030   !   2       sun.net.www.protocol.jar.JarURLConnection$JarURLInputStream::close (51 bytes)
Event: 7.518 Thread 0x000001b44b4fed40 nmethod 8030 0x000001b435dc4310 code [0x000001b435dc44e0, 0x000001b435dc4728]
Event: 7.523 Thread 0x000001b44b4fe020 nmethod 6318 0x000001b43ce07a10 code [0x000001b43ce07c80, 0x000001b43ce093a0]
Event: 7.523 Thread 0x000001b44b4fe020 8025 %     4       lombok.launch.PackageShader::apply @ 119 (252 bytes)

GC Heap History (20 events):
Event: 6.986 GC heap before
{Heap before GC invocations=40 (full 3):
 PSYoungGen      total 15360K, used 15335K [0x00000000eab00000, 0x00000000ec080000, 0x0000000100000000)
  eden space 13312K, 100% used [0x00000000eab00000,0x00000000eb800000,0x00000000eb800000)
  from space 2048K, 98% used [0x00000000ebe80000,0x00000000ec079d50,0x00000000ec080000)
  to   space 2560K, 0% used [0x00000000ebb80000,0x00000000ebb80000,0x00000000ebe00000)
 ParOldGen       total 68608K, used 65054K [0x00000000c0000000, 0x00000000c4300000, 0x00000000eab00000)
  object space 68608K, 94% used [0x00000000c0000000,0x00000000c3f878a0,0x00000000c4300000)
 Metaspace       used 60010K, committed 61120K, reserved 1114112K
  class space    used 6541K, committed 6976K, reserved 1048576K
}
Event: 6.989 GC heap after
{Heap after GC invocations=40 (full 3):
 PSYoungGen      total 15872K, used 2555K [0x00000000eab00000, 0x00000000ebf00000, 0x0000000100000000)
  eden space 13312K, 0% used [0x00000000eab00000,0x00000000eab00000,0x00000000eb800000)
  from space 2560K, 99% used [0x00000000ebb80000,0x00000000ebdfee58,0x00000000ebe00000)
  to   space 1024K, 0% used [0x00000000ebe00000,0x00000000ebe00000,0x00000000ebf00000)
 ParOldGen       total 68608K, used 66914K [0x00000000c0000000, 0x00000000c4300000, 0x00000000eab00000)
  object space 68608K, 97% used [0x00000000c0000000,0x00000000c4158bd0,0x00000000c4300000)
 Metaspace       used 60010K, committed 61120K, reserved 1114112K
  class space    used 6541K, committed 6976K, reserved 1048576K
}
Event: 6.989 GC heap before
{Heap before GC invocations=41 (full 4):
 PSYoungGen      total 15872K, used 2555K [0x00000000eab00000, 0x00000000ebf00000, 0x0000000100000000)
  eden space 13312K, 0% used [0x00000000eab00000,0x00000000eab00000,0x00000000eb800000)
  from space 2560K, 99% used [0x00000000ebb80000,0x00000000ebdfee58,0x00000000ebe00000)
  to   space 1024K, 0% used [0x00000000ebe00000,0x00000000ebe00000,0x00000000ebf00000)
 ParOldGen       total 68608K, used 66914K [0x00000000c0000000, 0x00000000c4300000, 0x00000000eab00000)
  object space 68608K, 97% used [0x00000000c0000000,0x00000000c4158bd0,0x00000000c4300000)
 Metaspace       used 60010K, committed 61120K, reserved 1114112K
  class space    used 6541K, committed 6976K, reserved 1048576K
}
Event: 7.063 GC heap after
{Heap after GC invocations=41 (full 4):
 PSYoungGen      total 14336K, used 418K [0x00000000eab00000, 0x00000000ebe80000, 0x0000000100000000)
  eden space 13824K, 0% used [0x00000000eab00000,0x00000000eab00000,0x00000000eb880000)
  from space 512K, 81% used [0x00000000ebb80000,0x00000000ebbe8bc8,0x00000000ebc00000)
  to   space 2560K, 0% used [0x00000000ebc00000,0x00000000ebc00000,0x00000000ebe80000)
 ParOldGen       total 119808K, used 68474K [0x00000000c0000000, 0x00000000c7500000, 0x00000000eab00000)
  object space 119808K, 57% used [0x00000000c0000000,0x00000000c42de8f0,0x00000000c7500000)
 Metaspace       used 60010K, committed 61120K, reserved 1114112K
  class space    used 6541K, committed 6976K, reserved 1048576K
}
Event: 7.132 GC heap before
{Heap before GC invocations=42 (full 4):
 PSYoungGen      total 14336K, used 14242K [0x00000000eab00000, 0x00000000ebe80000, 0x0000000100000000)
  eden space 13824K, 100% used [0x00000000eab00000,0x00000000eb880000,0x00000000eb880000)
  from space 512K, 81% used [0x00000000ebb80000,0x00000000ebbe8bc8,0x00000000ebc00000)
  to   space 2560K, 0% used [0x00000000ebc00000,0x00000000ebc00000,0x00000000ebe80000)
 ParOldGen       total 119808K, used 68474K [0x00000000c0000000, 0x00000000c7500000, 0x00000000eab00000)
  object space 119808K, 57% used [0x00000000c0000000,0x00000000c42de8f0,0x00000000c7500000)
 Metaspace       used 60898K, committed 62016K, reserved 1114112K
  class space    used 6646K, committed 7104K, reserved 1048576K
}
Event: 7.141 GC heap after
{Heap after GC invocations=42 (full 4):
 PSYoungGen      total 16384K, used 2541K [0x00000000eab00000, 0x00000000ec000000, 0x0000000100000000)
  eden space 13824K, 0% used [0x00000000eab00000,0x00000000eab00000,0x00000000eb880000)
  from space 2560K, 99% used [0x00000000ebc00000,0x00000000ebe7b780,0x00000000ebe80000)
  to   space 3584K, 0% used [0x00000000eb880000,0x00000000eb880000,0x00000000ebc00000)
 ParOldGen       total 119808K, used 68939K [0x00000000c0000000, 0x00000000c7500000, 0x00000000eab00000)
  object space 119808K, 57% used [0x00000000c0000000,0x00000000c4352d30,0x00000000c7500000)
 Metaspace       used 60898K, committed 62016K, reserved 1114112K
  class space    used 6646K, committed 7104K, reserved 1048576K
}
Event: 7.209 GC heap before
{Heap before GC invocations=43 (full 4):
 PSYoungGen      total 16384K, used 16365K [0x00000000eab00000, 0x00000000ec000000, 0x0000000100000000)
  eden space 13824K, 100% used [0x00000000eab00000,0x00000000eb880000,0x00000000eb880000)
  from space 2560K, 99% used [0x00000000ebc00000,0x00000000ebe7b780,0x00000000ebe80000)
  to   space 3584K, 0% used [0x00000000eb880000,0x00000000eb880000,0x00000000ebc00000)
 ParOldGen       total 119808K, used 68939K [0x00000000c0000000, 0x00000000c7500000, 0x00000000eab00000)
  object space 119808K, 57% used [0x00000000c0000000,0x00000000c4352d30,0x00000000c7500000)
 Metaspace       used 61410K, committed 62592K, reserved 1114112K
  class space    used 6692K, committed 7168K, reserved 1048576K
}
Event: 7.211 GC heap after
{Heap after GC invocations=43 (full 4):
 PSYoungGen      total 17408K, used 2605K [0x00000000eab00000, 0x00000000ebf00000, 0x0000000100000000)
  eden space 13824K, 0% used [0x00000000eab00000,0x00000000eab00000,0x00000000eb880000)
  from space 3584K, 72% used [0x00000000eb880000,0x00000000ebb0b530,0x00000000ebc00000)
  to   space 3072K, 0% used [0x00000000ebc00000,0x00000000ebc00000,0x00000000ebf00000)
 ParOldGen       total 119808K, used 71226K [0x00000000c0000000, 0x00000000c7500000, 0x00000000eab00000)
  object space 119808K, 59% used [0x00000000c0000000,0x00000000c458eaf0,0x00000000c7500000)
 Metaspace       used 61410K, committed 62592K, reserved 1114112K
  class space    used 6692K, committed 7168K, reserved 1048576K
}
Event: 7.273 GC heap before
{Heap before GC invocations=44 (full 4):
 PSYoungGen      total 17408K, used 16429K [0x00000000eab00000, 0x00000000ebf00000, 0x0000000100000000)
  eden space 13824K, 100% used [0x00000000eab00000,0x00000000eb880000,0x00000000eb880000)
  from space 3584K, 72% used [0x00000000eb880000,0x00000000ebb0b530,0x00000000ebc00000)
  to   space 3072K, 0% used [0x00000000ebc00000,0x00000000ebc00000,0x00000000ebf00000)
 ParOldGen       total 119808K, used 71226K [0x00000000c0000000, 0x00000000c7500000, 0x00000000eab00000)
  object space 119808K, 59% used [0x00000000c0000000,0x00000000c458eaf0,0x00000000c7500000)
 Metaspace       used 62006K, committed 63104K, reserved 1114112K
  class space    used 6738K, committed 7168K, reserved 1048576K
}
Event: 7.277 GC heap after
{Heap after GC invocations=44 (full 4):
 PSYoungGen      total 14848K, used 3061K [0x00000000eab00000, 0x00000000ec400000, 0x0000000100000000)
  eden space 11776K, 0% used [0x00000000eab00000,0x00000000eab00000,0x00000000eb680000)
  from space 3072K, 99% used [0x00000000ebc00000,0x00000000ebefd740,0x00000000ebf00000)
  to   space 5632K, 0% used [0x00000000eb680000,0x00000000eb680000,0x00000000ebc00000)
 ParOldGen       total 119808K, used 73306K [0x00000000c0000000, 0x00000000c7500000, 0x00000000eab00000)
  object space 119808K, 61% used [0x00000000c0000000,0x00000000c4796b68,0x00000000c7500000)
 Metaspace       used 62006K, committed 63104K, reserved 1114112K
  class space    used 6738K, committed 7168K, reserved 1048576K
}
Event: 7.330 GC heap before
{Heap before GC invocations=45 (full 4):
 PSYoungGen      total 14848K, used 14837K [0x00000000eab00000, 0x00000000ec400000, 0x0000000100000000)
  eden space 11776K, 100% used [0x00000000eab00000,0x00000000eb680000,0x00000000eb680000)
  from space 3072K, 99% used [0x00000000ebc00000,0x00000000ebefd740,0x00000000ebf00000)
  to   space 5632K, 0% used [0x00000000eb680000,0x00000000eb680000,0x00000000ebc00000)
 ParOldGen       total 119808K, used 73306K [0x00000000c0000000, 0x00000000c7500000, 0x00000000eab00000)
  object space 119808K, 61% used [0x00000000c0000000,0x00000000c4796b68,0x00000000c7500000)
 Metaspace       used 62143K, committed 63232K, reserved 1114112K
  class space    used 6749K, committed 7168K, reserved 1048576K
}
Event: 7.335 GC heap after
{Heap after GC invocations=45 (full 4):
 PSYoungGen      total 14848K, used 2597K [0x00000000eab00000, 0x00000000ebe00000, 0x0000000100000000)
  eden space 11776K, 0% used [0x00000000eab00000,0x00000000eab00000,0x00000000eb680000)
  from space 3072K, 84% used [0x00000000eb680000,0x00000000eb9096d0,0x00000000eb980000)
  to   space 3584K, 0% used [0x00000000eba80000,0x00000000eba80000,0x00000000ebe00000)
 ParOldGen       total 119808K, used 76124K [0x00000000c0000000, 0x00000000c7500000, 0x00000000eab00000)
  object space 119808K, 63% used [0x00000000c0000000,0x00000000c4a571d0,0x00000000c7500000)
 Metaspace       used 62143K, committed 63232K, reserved 1114112K
  class space    used 6749K, committed 7168K, reserved 1048576K
}
Event: 7.396 GC heap before
{Heap before GC invocations=46 (full 4):
 PSYoungGen      total 14848K, used 14373K [0x00000000eab00000, 0x00000000ebe00000, 0x0000000100000000)
  eden space 11776K, 100% used [0x00000000eab00000,0x00000000eb680000,0x00000000eb680000)
  from space 3072K, 84% used [0x00000000eb680000,0x00000000eb9096d0,0x00000000eb980000)
  to   space 3584K, 0% used [0x00000000eba80000,0x00000000eba80000,0x00000000ebe00000)
 ParOldGen       total 119808K, used 76124K [0x00000000c0000000, 0x00000000c7500000, 0x00000000eab00000)
  object space 119808K, 63% used [0x00000000c0000000,0x00000000c4a571d0,0x00000000c7500000)
 Metaspace       used 62274K, committed 63360K, reserved 1114112K
  class space    used 6788K, committed 7232K, reserved 1048576K
}
Event: 7.398 GC heap after
{Heap after GC invocations=46 (full 4):
 PSYoungGen      total 15360K, used 3574K [0x00000000eab00000, 0x00000000ebf00000, 0x0000000100000000)
  eden space 11776K, 0% used [0x00000000eab00000,0x00000000eab00000,0x00000000eb680000)
  from space 3584K, 99% used [0x00000000eba80000,0x00000000ebdfd818,0x00000000ebe00000)
  to   space 4096K, 0% used [0x00000000eb680000,0x00000000eb680000,0x00000000eba80000)
 ParOldGen       total 119808K, used 76236K [0x00000000c0000000, 0x00000000c7500000, 0x00000000eab00000)
  object space 119808K, 63% used [0x00000000c0000000,0x00000000c4a731d0,0x00000000c7500000)
 Metaspace       used 62274K, committed 63360K, reserved 1114112K
  class space    used 6788K, committed 7232K, reserved 1048576K
}
Event: 7.426 GC heap before
{Heap before GC invocations=47 (full 4):
 PSYoungGen      total 15360K, used 15350K [0x00000000eab00000, 0x00000000ebf00000, 0x0000000100000000)
  eden space 11776K, 100% used [0x00000000eab00000,0x00000000eb680000,0x00000000eb680000)
  from space 3584K, 99% used [0x00000000eba80000,0x00000000ebdfd818,0x00000000ebe00000)
  to   space 4096K, 0% used [0x00000000eb680000,0x00000000eb680000,0x00000000eba80000)
 ParOldGen       total 119808K, used 76236K [0x00000000c0000000, 0x00000000c7500000, 0x00000000eab00000)
  object space 119808K, 63% used [0x00000000c0000000,0x00000000c4a731d0,0x00000000c7500000)
 Metaspace       used 62333K, committed 63424K, reserved 1114112K
  class space    used 6801K, committed 7232K, reserved 1048576K
}
Event: 7.429 GC heap after
{Heap after GC invocations=47 (full 4):
 PSYoungGen      total 14336K, used 2198K [0x00000000eab00000, 0x00000000ebd00000, 0x0000000100000000)
  eden space 11776K, 0% used [0x00000000eab00000,0x00000000eab00000,0x00000000eb680000)
  from space 2560K, 85% used [0x00000000eb680000,0x00000000eb8a5af8,0x00000000eb900000)
  to   space 3072K, 0% used [0x00000000eba00000,0x00000000eba00000,0x00000000ebd00000)
 ParOldGen       total 119808K, used 79822K [0x00000000c0000000, 0x00000000c7500000, 0x00000000eab00000)
  object space 119808K, 66% used [0x00000000c0000000,0x00000000c4df3ac8,0x00000000c7500000)
 Metaspace       used 62333K, committed 63424K, reserved 1114112K
  class space    used 6801K, committed 7232K, reserved 1048576K
}
Event: 7.469 GC heap before
{Heap before GC invocations=48 (full 4):
 PSYoungGen      total 14336K, used 13974K [0x00000000eab00000, 0x00000000ebd00000, 0x0000000100000000)
  eden space 11776K, 100% used [0x00000000eab00000,0x00000000eb680000,0x00000000eb680000)
  from space 2560K, 85% used [0x00000000eb680000,0x00000000eb8a5af8,0x00000000eb900000)
  to   space 3072K, 0% used [0x00000000eba00000,0x00000000eba00000,0x00000000ebd00000)
 ParOldGen       total 119808K, used 79822K [0x00000000c0000000, 0x00000000c7500000, 0x00000000eab00000)
  object space 119808K, 66% used [0x00000000c0000000,0x00000000c4df3ac8,0x00000000c7500000)
 Metaspace       used 62488K, committed 63552K, reserved 1114112K
  class space    used 6814K, committed 7232K, reserved 1048576K
}
Event: 7.471 GC heap after
{Heap after GC invocations=48 (full 4):
 PSYoungGen      total 13824K, used 3055K [0x00000000eab00000, 0x00000000ec000000, 0x0000000100000000)
  eden space 10752K, 0% used [0x00000000eab00000,0x00000000eab00000,0x00000000eb580000)
  from space 3072K, 99% used [0x00000000eba00000,0x00000000ebcfbdf0,0x00000000ebd00000)
  to   space 4608K, 0% used [0x00000000eb580000,0x00000000eb580000,0x00000000eba00000)
 ParOldGen       total 119808K, used 80870K [0x00000000c0000000, 0x00000000c7500000, 0x00000000eab00000)
  object space 119808K, 67% used [0x00000000c0000000,0x00000000c4ef9a90,0x00000000c7500000)
 Metaspace       used 62488K, committed 63552K, reserved 1114112K
  class space    used 6814K, committed 7232K, reserved 1048576K
}
Event: 7.514 GC heap before
{Heap before GC invocations=49 (full 4):
 PSYoungGen      total 13824K, used 13807K [0x00000000eab00000, 0x00000000ec000000, 0x0000000100000000)
  eden space 10752K, 100% used [0x00000000eab00000,0x00000000eb580000,0x00000000eb580000)
  from space 3072K, 99% used [0x00000000eba00000,0x00000000ebcfbdf0,0x00000000ebd00000)
  to   space 4608K, 0% used [0x00000000eb580000,0x00000000eb580000,0x00000000eba00000)
 ParOldGen       total 119808K, used 80870K [0x00000000c0000000, 0x00000000c7500000, 0x00000000eab00000)
  object space 119808K, 67% used [0x00000000c0000000,0x00000000c4ef9a90,0x00000000c7500000)
 Metaspace       used 62738K, committed 63872K, reserved 1114112K
  class space    used 6828K, committed 7296K, reserved 1048576K
}
Event: 7.517 GC heap after
{Heap after GC invocations=49 (full 4):
 PSYoungGen      total 12800K, used 1838K [0x00000000eab00000, 0x00000000ebc00000, 0x0000000100000000)
  eden space 10752K, 0% used [0x00000000eab00000,0x00000000eab00000,0x00000000eb580000)
  from space 2048K, 89% used [0x00000000eb580000,0x00000000eb74b890,0x00000000eb780000)
  to   space 3072K, 0% used [0x00000000eb900000,0x00000000eb900000,0x00000000ebc00000)
 ParOldGen       total 119808K, used 83936K [0x00000000c0000000, 0x00000000c7500000, 0x00000000eab00000)
  object space 119808K, 70% used [0x00000000c0000000,0x00000000c51f8180,0x00000000c7500000)
 Metaspace       used 62738K, committed 63872K, reserved 1114112K
  class space    used 6828K, committed 7296K, reserved 1048576K
}

Dll operation events (11 events):
Event: 0.009 Loaded shared library c:\Users\111\.vscode\extensions\redhat.java-1.25.0-win32-x64\jre\17.0.9-win32-x86_64\bin\java.dll
Event: 0.221 Loaded shared library c:\Users\111\.vscode\extensions\redhat.java-1.25.0-win32-x64\jre\17.0.9-win32-x86_64\bin\zip.dll
Event: 0.230 Loaded shared library C:\Users\111\.vscode\extensions\redhat.java-1.25.0-win32-x64\jre\17.0.9-win32-x86_64\bin\instrument.dll
Event: 0.251 Loaded shared library C:\Users\111\.vscode\extensions\redhat.java-1.25.0-win32-x64\jre\17.0.9-win32-x86_64\bin\net.dll
Event: 0.255 Loaded shared library C:\Users\111\.vscode\extensions\redhat.java-1.25.0-win32-x64\jre\17.0.9-win32-x86_64\bin\nio.dll
Event: 0.273 Loaded shared library C:\Users\111\.vscode\extensions\redhat.java-1.25.0-win32-x64\jre\17.0.9-win32-x86_64\bin\zip.dll
Event: 0.294 Loaded shared library C:\Users\111\.vscode\extensions\redhat.java-1.25.0-win32-x64\jre\17.0.9-win32-x86_64\bin\jimage.dll
Event: 0.366 Loaded shared library c:\Users\111\.vscode\extensions\redhat.java-1.25.0-win32-x64\jre\17.0.9-win32-x86_64\bin\verify.dll
Event: 1.490 Loaded shared library C:\Users\111\AppData\Roaming\Code\User\globalStorage\redhat.java\1.25.0\config_win\org.eclipse.equinox.launcher\org.eclipse.equinox.launcher.win32.win32.x86_64_1.2.800.v20231003-1442\eclipse_11802.dll
Event: 3.535 Loaded shared library C:\Users\111\AppData\Local\Temp\jna-48657\jna16615600658556031845.dll
Event: 5.543 Loaded shared library C:\Users\111\.vscode\extensions\redhat.java-1.25.0-win32-x64\jre\17.0.9-win32-x86_64\bin\sunmscapi.dll

Deoptimization events (20 events):
Event: 7.489 Thread 0x000001b44db08160 DEOPT PACKING pc=0x000001b435cb63f1 sp=0x00000051dddfe120
Event: 7.489 Thread 0x000001b44db08160 DEOPT UNPACKING pc=0x000001b43c4f6e43 sp=0x00000051dddfd550 mode 0
Event: 7.490 Thread 0x000001b44db08160 DEOPT PACKING pc=0x000001b435cb63be sp=0x00000051dddfe120
Event: 7.490 Thread 0x000001b44db08160 DEOPT UNPACKING pc=0x000001b43c4f6e43 sp=0x00000051dddfd550 mode 0
Event: 7.490 Thread 0x000001b44db08160 DEOPT PACKING pc=0x000001b435cb63f1 sp=0x00000051dddfe120
Event: 7.490 Thread 0x000001b44db08160 DEOPT UNPACKING pc=0x000001b43c4f6e43 sp=0x00000051dddfd550 mode 0
Event: 7.490 Thread 0x000001b44db08160 DEOPT PACKING pc=0x000001b435cb63be sp=0x00000051dddfe120
Event: 7.490 Thread 0x000001b44db08160 DEOPT UNPACKING pc=0x000001b43c4f6e43 sp=0x00000051dddfd550 mode 0
Event: 7.490 Thread 0x000001b44db08160 DEOPT PACKING pc=0x000001b435cb63f1 sp=0x00000051dddfe0f0
Event: 7.490 Thread 0x000001b44db08160 DEOPT UNPACKING pc=0x000001b43c4f6e43 sp=0x00000051dddfd520 mode 0
Event: 7.490 Thread 0x000001b44db08160 DEOPT PACKING pc=0x000001b435cb63be sp=0x00000051dddfe0f0
Event: 7.490 Thread 0x000001b44db08160 DEOPT UNPACKING pc=0x000001b43c4f6e43 sp=0x00000051dddfd520 mode 0
Event: 7.490 Thread 0x000001b44db08160 DEOPT PACKING pc=0x000001b435cb63f1 sp=0x00000051dddfe0f0
Event: 7.490 Thread 0x000001b44db08160 DEOPT UNPACKING pc=0x000001b43c4f6e43 sp=0x00000051dddfd520 mode 0
Event: 7.490 Thread 0x000001b44db08160 DEOPT PACKING pc=0x000001b435cb63be sp=0x00000051dddfe0f0
Event: 7.490 Thread 0x000001b44db08160 DEOPT UNPACKING pc=0x000001b43c4f6e43 sp=0x00000051dddfd520 mode 0
Event: 7.500 Thread 0x000001b44db053d0 Uncommon trap: trap_request=0xffffff45 fr.pc=0x000001b43cabba98 relative=0x0000000000001d78
Event: 7.500 Thread 0x000001b44db053d0 Uncommon trap: reason=unstable_if action=reinterpret pc=0x000001b43cabba98 method=jdk.internal.jimage.ImageLocation.verifyName(Ljava/lang/String;Ljava/lang/String;IIIIIILjdk/internal/jimage/ImageStrings;)Z @ 27 c2
Event: 7.500 Thread 0x000001b44db053d0 DEOPT PACKING pc=0x000001b43cabba98 sp=0x00000051de5f7b80
Event: 7.500 Thread 0x000001b44db053d0 DEOPT UNPACKING pc=0x000001b43c4f66a3 sp=0x00000051de5f7a78 mode 2

Classes unloaded (7 events):
Event: 2.715 Thread 0x000001b43237f8b0 Unloading class 0x000000010024c000 'java/lang/invoke/LambdaForm$MH+0x000000010024c000'
Event: 2.715 Thread 0x000001b43237f8b0 Unloading class 0x000000010024bc00 'java/lang/invoke/LambdaForm$MH+0x000000010024bc00'
Event: 2.715 Thread 0x000001b43237f8b0 Unloading class 0x000000010024b800 'java/lang/invoke/LambdaForm$MH+0x000000010024b800'
Event: 2.715 Thread 0x000001b43237f8b0 Unloading class 0x000000010024b400 'java/lang/invoke/LambdaForm$MH+0x000000010024b400'
Event: 2.715 Thread 0x000001b43237f8b0 Unloading class 0x000000010024b000 'java/lang/invoke/LambdaForm$BMH+0x000000010024b000'
Event: 2.715 Thread 0x000001b43237f8b0 Unloading class 0x000000010024ac00 'java/lang/invoke/LambdaForm$DMH+0x000000010024ac00'
Event: 2.715 Thread 0x000001b43237f8b0 Unloading class 0x0000000100248000 'java/lang/invoke/LambdaForm$DMH+0x0000000100248000'

Classes redefined (0 events):
No events

Internal exceptions (20 events):
Event: 6.625 Thread 0x000001b44e058a10 Exception <a 'sun/nio/fs/WindowsException'{0x00000000eafe7a40}> (0x00000000eafe7a40) 
thrown [s\src\hotspot\share\prims\jni.cpp, line 516]
Event: 6.626 Thread 0x000001b44e058a10 Exception <a 'sun/nio/fs/WindowsException'{0x00000000eafe8098}> (0x00000000eafe8098) 
thrown [s\src\hotspot\share\prims\jni.cpp, line 516]
Event: 6.626 Thread 0x000001b44e058a10 Exception <a 'sun/nio/fs/WindowsException'{0x00000000eafe86f0}> (0x00000000eafe86f0) 
thrown [s\src\hotspot\share\prims\jni.cpp, line 516]
Event: 6.626 Thread 0x000001b44e058a10 Exception <a 'sun/nio/fs/WindowsException'{0x00000000eafe8d60}> (0x00000000eafe8d60) 
thrown [s\src\hotspot\share\prims\jni.cpp, line 516]
Event: 6.626 Thread 0x000001b44e058a10 Exception <a 'sun/nio/fs/WindowsException'{0x00000000eafec958}> (0x00000000eafec958) 
thrown [s\src\hotspot\share\prims\jni.cpp, line 516]
Event: 6.626 Thread 0x000001b44e058a10 Exception <a 'sun/nio/fs/WindowsException'{0x00000000eafecf90}> (0x00000000eafecf90) 
thrown [s\src\hotspot\share\prims\jni.cpp, line 516]
Event: 6.626 Thread 0x000001b44e058a10 Exception <a 'sun/nio/fs/WindowsException'{0x00000000eafed5c8}> (0x00000000eafed5c8) 
thrown [s\src\hotspot\share\prims\jni.cpp, line 516]
Event: 6.626 Thread 0x000001b44e058a10 Exception <a 'sun/nio/fs/WindowsException'{0x00000000eafedc20}> (0x00000000eafedc20) 
thrown [s\src\hotspot\share\prims\jni.cpp, line 516]
Event: 6.626 Thread 0x000001b44e058a10 Exception <a 'sun/nio/fs/WindowsException'{0x00000000eaff1170}> (0x00000000eaff1170) 
thrown [s\src\hotspot\share\prims\jni.cpp, line 516]
Event: 6.626 Thread 0x000001b44e058a10 Exception <a 'sun/nio/fs/WindowsException'{0x00000000eaff17c8}> (0x00000000eaff17c8) 
thrown [s\src\hotspot\share\prims\jni.cpp, line 516]
Event: 6.626 Thread 0x000001b44e058a10 Exception <a 'sun/nio/fs/WindowsException'{0x00000000eaff1e20}> (0x00000000eaff1e20) 
thrown [s\src\hotspot\share\prims\jni.cpp, line 516]
Event: 6.626 Thread 0x000001b44e058a10 Exception <a 'sun/nio/fs/WindowsException'{0x00000000eaff2490}> (0x00000000eaff2490) 
thrown [s\src\hotspot\share\prims\jni.cpp, line 516]
Event: 6.627 Thread 0x000001b44e058a10 Exception <a 'sun/nio/fs/WindowsException'{0x00000000eb05b1b8}> (0x00000000eb05b1b8) 
thrown [s\src\hotspot\share\prims\jni.cpp, line 516]
Event: 6.627 Thread 0x000001b44e058a10 Exception <a 'sun/nio/fs/WindowsException'{0x00000000eb05b840}> (0x00000000eb05b840) 
thrown [s\src\hotspot\share\prims\jni.cpp, line 516]
Event: 6.627 Thread 0x000001b44e058a10 Exception <a 'sun/nio/fs/WindowsException'{0x00000000eb05bec8}> (0x00000000eb05bec8) 
thrown [s\src\hotspot\share\prims\jni.cpp, line 516]
Event: 6.627 Thread 0x000001b44e058a10 Exception <a 'sun/nio/fs/WindowsException'{0x00000000eb05c568}> (0x00000000eb05c568) 
thrown [s\src\hotspot\share\prims\jni.cpp, line 516]
Event: 6.728 Thread 0x000001b44e058a10 Exception <a 'sun/nio/fs/WindowsException'{0x00000000eb4b6d18}> (0x00000000eb4b6d18) 
thrown [s\src\hotspot\share\prims\jni.cpp, line 516]
Event: 6.732 Thread 0x000001b44e058a10 Exception <a 'sun/nio/fs/WindowsException'{0x00000000eb559410}> (0x00000000eb559410) 
thrown [s\src\hotspot\share\prims\jni.cpp, line 516]
Event: 6.874 Thread 0x000001b44e058500 Exception <a 'java/lang/NoSuchMethodError'{0x00000000eb068c20}: 'java.lang.Object java.lang.invoke.DirectMethodHandle$Holder.invokeInterface(java.lang.Object, java.lang.Object, java.lang.Object, java.lang.Object)'> (0x00000000eb068c20) 
thrown [s\src\hotspot\share\interpreter\linkResolver.cpp, line 759]
Event: 6.880 Thread 0x000001b44db053d0 Exception <a 'java/lang/NoSuchMethodError'{0x00000000eb142fe8}: 'java.lang.Object java.lang.invoke.DirectMethodHandle$Holder.invokeInterface(java.lang.Object, java.lang.Object, java.lang.Object)'> (0x00000000eb142fe8) 
thrown [s\src\hotspot\share\interpreter\linkResolver.cpp, line 759]

VM Operations (20 events):
Event: 6.986 Executing VM operation: ParallelGCFailedAllocation
Event: 7.063 Executing VM operation: ParallelGCFailedAllocation done
Event: 7.132 Executing VM operation: ParallelGCFailedAllocation
Event: 7.141 Executing VM operation: ParallelGCFailedAllocation done
Event: 7.203 Executing VM operation: HandshakeAllThreads
Event: 7.203 Executing VM operation: HandshakeAllThreads done
Event: 7.209 Executing VM operation: ParallelGCFailedAllocation
Event: 7.211 Executing VM operation: ParallelGCFailedAllocation done
Event: 7.273 Executing VM operation: ParallelGCFailedAllocation
Event: 7.277 Executing VM operation: ParallelGCFailedAllocation done
Event: 7.330 Executing VM operation: ParallelGCFailedAllocation
Event: 7.335 Executing VM operation: ParallelGCFailedAllocation done
Event: 7.390 Executing VM operation: ParallelGCFailedAllocation
Event: 7.398 Executing VM operation: ParallelGCFailedAllocation done
Event: 7.426 Executing VM operation: ParallelGCFailedAllocation
Event: 7.429 Executing VM operation: ParallelGCFailedAllocation done
Event: 7.469 Executing VM operation: ParallelGCFailedAllocation
Event: 7.471 Executing VM operation: ParallelGCFailedAllocation done
Event: 7.514 Executing VM operation: ParallelGCFailedAllocation
Event: 7.517 Executing VM operation: ParallelGCFailedAllocation done

Events (20 events):
Event: 6.861 loading class java/util/concurrent/ForkJoinPool$DefaultCommonPoolForkJoinWorkerThreadFactory$1
Event: 6.861 loading class java/util/concurrent/ForkJoinPool$DefaultCommonPoolForkJoinWorkerThreadFactory$1 done
Event: 6.862 Thread 0x000001b44e05b7a0 Thread added: 0x000001b44e05b7a0
Event: 6.862 loading class java/util/concurrent/CompletableFuture$UniExceptionally
Event: 6.862 loading class java/util/concurrent/CompletableFuture$UniExceptionally done
Event: 6.863 Thread 0x000001b44e0566a0 Thread added: 0x000001b44e0566a0
Event: 6.863 loading class java/util/HashMap$ValueSpliterator
Event: 6.863 loading class java/util/HashMap$ValueSpliterator done
Event: 6.868 Thread 0x000001b44e057ff0 Thread added: 0x000001b44e057ff0
Event: 6.869 Thread 0x000001b44e05bcb0 Thread added: 0x000001b44e05bcb0
Event: 7.069 loading class java/util/AbstractMap$2
Event: 7.069 loading class java/util/AbstractMap$2 done
Event: 7.069 loading class java/util/AbstractMap$2$1
Event: 7.069 loading class java/util/AbstractMap$2$1 done
Event: 7.113 loading class java/text/DontCareFieldPosition
Event: 7.114 loading class java/text/DontCareFieldPosition done
Event: 7.114 loading class java/text/DontCareFieldPosition$1
Event: 7.114 loading class java/text/Format$FieldDelegate
Event: 7.114 loading class java/text/Format$FieldDelegate done
Event: 7.114 loading class java/text/DontCareFieldPosition$1 done


Dynamic libraries:
0x00007ff62b390000 - 0x00007ff62b39e000 	c:\Users\111\.vscode\extensions\redhat.java-1.25.0-win32-x64\jre\17.0.9-win32-x86_64\bin\java.exe
0x00007fff70db0000 - 0x00007fff70fa8000 	C:\Windows\SYSTEM32\ntdll.dll
0x00007fff6f010000 - 0x00007fff6f0cd000 	C:\Windows\System32\KERNEL32.DLL
0x00007fff6e970000 - 0x00007fff6ec66000 	C:\Windows\System32\KERNELBASE.dll
0x00007fff6ed10000 - 0x00007fff6ee10000 	C:\Windows\System32\ucrtbase.dll
0x00007fff67000000 - 0x00007fff67017000 	c:\Users\111\.vscode\extensions\redhat.java-1.25.0-win32-x64\jre\17.0.9-win32-x86_64\bin\jli.dll
0x00007fff704f0000 - 0x00007fff7068e000 	C:\Windows\System32\USER32.dll
0x00007fff6e580000 - 0x00007fff6e5a2000 	C:\Windows\System32\win32u.dll
0x00007fff6f430000 - 0x00007fff6f45c000 	C:\Windows\System32\GDI32.dll
0x00007fff6e5b0000 - 0x00007fff6e6ca000 	C:\Windows\System32\gdi32full.dll
0x00007fff59fb0000 - 0x00007fff59fcb000 	c:\Users\111\.vscode\extensions\redhat.java-1.25.0-win32-x64\jre\17.0.9-win32-x86_64\bin\VCRUNTIME140.dll
0x00007fff5a4a0000 - 0x00007fff5a73a000 	C:\Windows\WinSxS\amd64_microsoft.windows.common-controls_6595b64144ccf1df_6.0.19041.3636_none_60b6a03d71f818d5\COMCTL32.dll
0x00007fff6ec70000 - 0x00007fff6ed0d000 	C:\Windows\System32\msvcp_win.dll
0x00007fff70740000 - 0x00007fff707de000 	C:\Windows\System32\msvcrt.dll
0x00007fff6efc0000 - 0x00007fff6eff0000 	C:\Windows\System32\IMM32.DLL
0x00007fff68a60000 - 0x00007fff68a6c000 	c:\Users\111\.vscode\extensions\redhat.java-1.25.0-win32-x64\jre\17.0.9-win32-x86_64\bin\vcruntime140_1.dll
0x00007fff3e3c0000 - 0x00007fff3e44d000 	c:\Users\111\.vscode\extensions\redhat.java-1.25.0-win32-x64\jre\17.0.9-win32-x86_64\bin\msvcp140.dll
0x00007fff29e40000 - 0x00007fff2aaa1000 	c:\Users\111\.vscode\extensions\redhat.java-1.25.0-win32-x64\jre\17.0.9-win32-x86_64\bin\server\jvm.dll
0x00007fff6f0d0000 - 0x00007fff6f17f000 	C:\Windows\System32\ADVAPI32.dll
0x00007fff70370000 - 0x00007fff7040c000 	C:\Windows\System32\sechost.dll
0x00007fff6f250000 - 0x00007fff6f376000 	C:\Windows\System32\RPCRT4.dll
0x00007fff6d9f0000 - 0x00007fff6da3b000 	C:\Windows\SYSTEM32\POWRPROF.dll
0x00007fff66ca0000 - 0x00007fff66caa000 	C:\Windows\SYSTEM32\VERSION.dll
0x00007fff59330000 - 0x00007fff59357000 	C:\Windows\SYSTEM32\WINMM.dll
0x00007fff68980000 - 0x00007fff68989000 	C:\Windows\SYSTEM32\WSOCK32.dll
0x00007fff6f460000 - 0x00007fff6f4cb000 	C:\Windows\System32\WS2_32.dll
0x00007fff6d8b0000 - 0x00007fff6d8c2000 	C:\Windows\SYSTEM32\UMPDC.dll
0x00007fff6cce0000 - 0x00007fff6ccf2000 	C:\Windows\SYSTEM32\kernel.appcore.dll
0x00007fff67950000 - 0x00007fff6795a000 	c:\Users\111\.vscode\extensions\redhat.java-1.25.0-win32-x64\jre\17.0.9-win32-x86_64\bin\jimage.dll
0x00007fff6c9d0000 - 0x00007fff6cbb4000 	C:\Windows\SYSTEM32\DBGHELP.DLL
0x00007fff46290000 - 0x00007fff462c4000 	C:\Windows\SYSTEM32\dbgcore.DLL
0x00007fff6e8e0000 - 0x00007fff6e962000 	C:\Windows\System32\bcryptPrimitives.dll
0x00007fff66ff0000 - 0x00007fff66ffe000 	c:\Users\111\.vscode\extensions\redhat.java-1.25.0-win32-x64\jre\17.0.9-win32-x86_64\bin\instrument.dll
0x00007fff565d0000 - 0x00007fff565f5000 	c:\Users\111\.vscode\extensions\redhat.java-1.25.0-win32-x64\jre\17.0.9-win32-x86_64\bin\java.dll
0x00007fff564c0000 - 0x00007fff564d8000 	c:\Users\111\.vscode\extensions\redhat.java-1.25.0-win32-x64\jre\17.0.9-win32-x86_64\bin\zip.dll
0x00007fff6fbc0000 - 0x00007fff70304000 	C:\Windows\System32\SHELL32.dll
0x00007fff6c170000 - 0x00007fff6c90b000 	C:\Windows\SYSTEM32\windows.storage.dll
0x00007fff6f800000 - 0x00007fff6fb54000 	C:\Windows\System32\combase.dll
0x00007fff6ded0000 - 0x00007fff6defd000 	C:\Windows\SYSTEM32\Wldp.dll
0x00007fff6f600000 - 0x00007fff6f6ad000 	C:\Windows\System32\SHCORE.dll
0x00007fff6f790000 - 0x00007fff6f7e5000 	C:\Windows\System32\shlwapi.dll
0x00007fff6e3c0000 - 0x00007fff6e3e5000 	C:\Windows\SYSTEM32\profapi.dll
0x00007fff564a0000 - 0x00007fff564b9000 	C:\Users\111\.vscode\extensions\redhat.java-1.25.0-win32-x64\jre\17.0.9-win32-x86_64\bin\net.dll
0x00007fff62480000 - 0x00007fff6258a000 	C:\Windows\SYSTEM32\WINHTTP.dll
0x00007fff6dc30000 - 0x00007fff6dc9a000 	C:\Windows\system32\mswsock.dll
0x00007fff491f0000 - 0x00007fff49206000 	C:\Users\111\.vscode\extensions\redhat.java-1.25.0-win32-x64\jre\17.0.9-win32-x86_64\bin\nio.dll
0x00007fff59990000 - 0x00007fff599a0000 	c:\Users\111\.vscode\extensions\redhat.java-1.25.0-win32-x64\jre\17.0.9-win32-x86_64\bin\verify.dll
0x00007fff418c0000 - 0x00007fff418fe000 	C:\Users\111\AppData\Roaming\Code\User\globalStorage\redhat.java\1.25.0\config_win\org.eclipse.equinox.launcher\org.eclipse.equinox.launcher.win32.win32.x86_64_1.2.800.v20231003-1442\eclipse_11802.dll
0x00007fff6f4d0000 - 0x00007fff6f5fb000 	C:\Windows\System32\ole32.dll
0x00007fff6de30000 - 0x00007fff6de48000 	C:\Windows\SYSTEM32\CRYPTSP.dll
0x00007fff6d4f0000 - 0x00007fff6d524000 	C:\Windows\system32\rsaenh.dll
0x00007fff6e550000 - 0x00007fff6e577000 	C:\Windows\System32\bcrypt.dll
0x00007fff6e340000 - 0x00007fff6e36e000 	C:\Windows\SYSTEM32\USERENV.dll
0x00007fff6de20000 - 0x00007fff6de2c000 	C:\Windows\SYSTEM32\CRYPTBASE.dll
0x00007fff6d8d0000 - 0x00007fff6d90b000 	C:\Windows\SYSTEM32\IPHLPAPI.DLL
0x00007fff70720000 - 0x00007fff70728000 	C:\Windows\System32\NSI.dll
0x00007fff662a0000 - 0x00007fff662b7000 	C:\Windows\SYSTEM32\dhcpcsvc6.DLL
0x00007fff65ab0000 - 0x00007fff65acd000 	C:\Windows\SYSTEM32\dhcpcsvc.DLL
0x00007fff6d910000 - 0x00007fff6d9da000 	C:\Windows\SYSTEM32\DNSAPI.dll
0x00007fff3e1d0000 - 0x00007fff3e215000 	C:\Users\111\AppData\Local\Temp\jna-48657\jna16615600658556031845.dll
0x00007fff6f7f0000 - 0x00007fff6f7f8000 	C:\Windows\System32\PSAPI.DLL
0x00007fff572e0000 - 0x00007fff572ee000 	C:\Users\111\.vscode\extensions\redhat.java-1.25.0-win32-x64\jre\17.0.9-win32-x86_64\bin\sunmscapi.dll
0x00007fff6e780000 - 0x00007fff6e8dd000 	C:\Windows\System32\CRYPT32.dll
0x00007fff6df40000 - 0x00007fff6df67000 	C:\Windows\SYSTEM32\ncrypt.dll
0x00007fff6df00000 - 0x00007fff6df3b000 	C:\Windows\SYSTEM32\NTASN1.dll

dbghelp: loaded successfully - version: 4.0.5 - missing functions: none
symbol engine: initialized successfully - sym options: 0x614 - pdb path: .;c:\Users\111\.vscode\extensions\redhat.java-1.25.0-win32-x64\jre\17.0.9-win32-x86_64\bin;C:\Windows\SYSTEM32;C:\Windows\WinSxS\amd64_microsoft.windows.common-controls_6595b64144ccf1df_6.0.19041.3636_none_60b6a03d71f818d5;c:\Users\111\.vscode\extensions\redhat.java-1.25.0-win32-x64\jre\17.0.9-win32-x86_64\bin\server;C:\Users\111\AppData\Roaming\Code\User\globalStorage\redhat.java\1.25.0\config_win\org.eclipse.equinox.launcher\org.eclipse.equinox.launcher.win32.win32.x86_64_1.2.800.v20231003-1442;C:\Users\111\AppData\Local\Temp\jna-48657

VM Arguments:
jvm_args: --add-modules=ALL-SYSTEM --add-opens=java.base/java.util=ALL-UNNAMED --add-opens=java.base/java.lang=ALL-UNNAMED --add-opens=java.base/sun.nio.fs=ALL-UNNAMED -Declipse.application=org.eclipse.jdt.ls.core.id1 -Dosgi.bundles.defaultStartLevel=4 -Declipse.product=org.eclipse.jdt.ls.core.product -Djava.import.generatesMetadataFilesAtProjectRoot=false -DDetectVMInstallationsJob.disabled=true -Dfile.encoding=utf8 -XX:+UseParallelGC -XX:GCTimeRatio=4 -XX:AdaptiveSizePolicyWeight=90 -Dsun.zip.disableMemoryMapping=true -Xmx1G -Xms100m -Xlog:disable -javaagent:c:\Users\111\.vscode\extensions\redhat.java-1.25.0-win32-x64\lombok\lombok-1.18.30.jar -XX:+HeapDumpOnOutOfMemoryError -XX:HeapDumpPath=c:\Users\111\AppData\Roaming\Code\User\workspaceStorage\fc9030aad287be6f3d626b9860efa7fd\redhat.java -Daether.dependencyCollector.impl=bf 
java_command: c:\Users\111\.vscode\extensions\redhat.java-1.25.0-win32-x64\server\plugins\org.eclipse.equinox.launcher_1.6.600.v20231012-1237.jar -configuration c:\Users\111\AppData\Roaming\Code\User\globalStorage\redhat.java\1.25.0\config_win -data c:\Users\111\AppData\Roaming\Code\User\workspaceStorage\fc9030aad287be6f3d626b9860efa7fd\redhat.java\jdt_ws --stdio
java_class_path (initial): c:\Users\111\.vscode\extensions\redhat.java-1.25.0-win32-x64\server\plugins\org.eclipse.equinox.launcher_1.6.600.v20231012-1237.jar
Launcher Type: SUN_STANDARD

[Global flags]
    uintx AdaptiveSizePolicyWeight                 = 90                                        {product} {command line}
     intx CICompilerCount                          = 4                                         {product} {ergonomic}
    uintx GCTimeRatio                              = 4                                         {product} {command line}
     bool HeapDumpOnOutOfMemoryError               = true                                   {manageable} {command line}
    ccstr HeapDumpPath                             = c:\Users\111\AppData\Roaming\Code\User\workspaceStorage\fc9030aad287be6f3d626b9860efa7fd\redhat.java         {manageable} {command line}
   size_t InitialHeapSize                          = 104857600                                 {product} {command line}
   size_t MaxHeapSize                              = 1073741824                                {product} {command line}
   size_t MaxNewSize                               = 357564416                                 {product} {ergonomic}
   size_t MinHeapDeltaBytes                        = 524288                                    {product} {ergonomic}
   size_t MinHeapSize                              = 104857600                                 {product} {command line}
   size_t NewSize                                  = 34603008                                  {product} {ergonomic}
    uintx NonNMethodCodeHeapSize                   = 5839372                                {pd product} {ergonomic}
    uintx NonProfiledCodeHeapSize                  = 122909434                              {pd product} {ergonomic}
   size_t OldSize                                  = 70254592                                  {product} {ergonomic}
    uintx ProfiledCodeHeapSize                     = 122909434                              {pd product} {ergonomic}
    uintx ReservedCodeCacheSize                    = 251658240                              {pd product} {ergonomic}
     bool SegmentedCodeCache                       = true                                      {product} {ergonomic}
   size_t SoftMaxHeapSize                          = 1073741824                             {manageable} {ergonomic}
     bool UseCompressedClassPointers               = true                           {product lp64_product} {ergonomic}
     bool UseCompressedOops                        = true                           {product lp64_product} {ergonomic}
     bool UseLargePagesIndividualAllocation        = false                                  {pd product} {ergonomic}
     bool UseParallelGC                            = true                                      {product} {command line}

Logging:
Log output configuration:
 #0: stdout all=off uptime,level,tags
 #1: stderr all=off uptime,level,tags

Environment Variables:
JAVA_HOME=C:\Program Files\Java\jdk-17
PATH=C:\Program Files\Common Files\Oracle\Java\javapath;C:\Program Files (x86)\Common Files\Oracle\Java\javapath;C:\Program Files\NVIDIA GPU Computing Toolkit\CUDA\v12.2\bin;C:\Program Files\NVIDIA GPU Computing Toolkit\CUDA\v12.2\libnvvp;C:\Windows\system32;C:\Windows;C:\Windows\System32\Wbem;C:\Windows\System32\WindowsPowerShell\v1.0\;C:\Windows\System32\OpenSSH\;C:\Program Files\TortoiseGit\bin;C:\xampp\php;C:\Program Files\nodejs\;C:\Program Files\Git\cmd;C:\Program Files\Microsoft SQL Server\130\Tools\Binn\;C:\Program Files\Microsoft SQL Server\150\Tools\Binn\;C:\Program Files\Microsoft SQL Server\Client SDK\ODBC\170\Tools\Binn\;C:\Program Files\dotnet\;C:\Program Files (x86)\Windows Kits\10\Windows Performance Toolkit\;C:\Users\111\AppData\Local\Packages\PythonSoftwareFoundation.Python.3.11_qbz5n2kfra8p0\LocalCache\local-packages\Python311\Scripts;C:\Program Files\NVIDIA Corporation\Nsight Compute 2023.2.2\;C:\Program Files (x86)\NVIDIA Corporation\PhysX\Common;C:\Program Files\NVIDIA Corporation\NVIDIA NvDLISR;C:\Program Files\Elixir\bin;C:\Program Files\Erlang OTP\bin;C:\Users\111\AppData\Local\Microsoft\WindowsApps;C:\Users\111\AppData\Local\Programs\Microsoft VS Code\bin;C:\Users\111\AppData\Roaming\npm;C:\Users\111\AppData\Local\Android\Sdk\platform-tools;C:\Program Files\CodeBlocks\MinGW\bin;C:\Users\111\AppData\Local\Programs\Python\Python311;C:\Users\111\AppData\Local\Programs\Python\Python311\Scripts;C:\Users\111\composer;C:\Users\111\AppData\Roaming\Composer\vendor\bin;C:\OSGeo4W;C:\Users\111\.dotnet\tools;D:\WORK\flutter\bin;D:\Tools\apache-maven-3.9.6-bin\apache-maven-3.9.6\bin;C:\Program Files\Java\jdk-17\bin;
USERNAME=111
OS=Windows_NT
PROCESSOR_IDENTIFIER=Intel64 Family 6 Model 158 Stepping 13, GenuineIntel
TMP=C:\Users\111\AppData\Local\Temp
TEMP=C:\Users\111\AppData\Local\Temp



Periodic native trim disabled


---------------  S Y S T E M  ---------------

OS:
 Windows 10 , 64 bit Build 19041 (10.0.19041.3636)
OS uptime: 0 days 11:24 hours

CPU: total 12 (initial active 12) (6 cores per cpu, 2 threads per core) family 6 model 158 stepping 13 microcode 0xca, cx8, cmov, fxsr, ht, mmx, 3dnowpref, sse, sse2, sse3, ssse3, sse4.1, sse4.2, popcnt, lzcnt, tsc, tscinvbit, avx, avx2, aes, erms, clmul, bmi1, bmi2, adx, fma, vzeroupper, clflush, clflushopt
Processor Information for all 12 processors :
  Max Mhz: 2592, Current Mhz: 2592, Mhz Limit: 2592

Memory: 4k page, system-wide physical 16225M (1130M free)
TotalPageFile size 21345M (AvailPageFile size 5M)
current process WorkingSet (physical memory assigned to process): 321M, peak: 321M
current process commit charge ("private bytes"): 381M, peak: 383M

vm_info: OpenJDK 64-Bit Server VM (17.0.9+9) for windows-amd64 JRE (17.0.9+9), built on Oct 26 2023 14:01:42 by "admin" with MS VC++ 16.10 / 16.11 (VS2019)

END.
